#! /usr/bin/vvp
:ivl_version "12.0 (stable)";
:ivl_delay_selection "TYPICAL";
:vpi_time_precision - 12;
:vpi_module "/usr/lib/x86_64-linux-gnu/ivl/system.vpi";
:vpi_module "/usr/lib/x86_64-linux-gnu/ivl/vhdl_sys.vpi";
:vpi_module "/usr/lib/x86_64-linux-gnu/ivl/vhdl_textio.vpi";
:vpi_module "/usr/lib/x86_64-linux-gnu/ivl/v2005_math.vpi";
:vpi_module "/usr/lib/x86_64-linux-gnu/ivl/va_math.vpi";
:vpi_module "/usr/lib/x86_64-linux-gnu/ivl/v2009.vpi";
S_0x622255eee8b0 .scope package, "$unit" "$unit" 2 1;
 .timescale 0 0;
S_0x622255ee7900 .scope package, "risc_v_32_i_pkg" "risc_v_32_i_pkg" 3 1;
 .timescale 0 0;
P_0x622255ef5380 .param/l "ALU_SEL_LEN" 0 3 17, +C4<00000000000000000000000000000100>;
P_0x622255ef53c0 .param/l "BRANCH_SEL_LEN" 0 3 31, +C4<00000000000000000000000000000011>;
P_0x622255ef5400 .param/l "IMM_SEL_LEN" 0 3 6, +C4<00000000000000000000000000000011>;
P_0x622255ef5440 .param/l "LOAD_STORE_TYPE_LEN" 0 3 54, +C4<00000000000000000000000000000100>;
P_0x622255ef5480 .param/l "RD_MUX_SEL_LEN" 0 3 43, +C4<00000000000000000000000000000011>;
P_0x622255ef54c0 .param/l "REG_ADDR_WIDTH" 0 3 4, +C4<00000000000000000000000000000101>;
P_0x622255ef5500 .param/l "XLEN" 0 3 3, +C4<00000000000000000000000000100000>;
enum0x622255e3bea0 .enum4 (3)
   "IMM_B_TYPE" 3'b000,
   "IMM_S_TYPE" 3'b001,
   "IMM_U_TYPE" 3'b010,
   "IMM_I_TYPE" 3'b011,
   "IMM_J_TYPE" 3'b100,
   "IMM_UNKNOWN_TYPE" 3'b101
 ;
enum0x622255e4c7e0 .enum4 (4)
   "OP_ADD" 4'b0000,
   "OP_SUB" 4'b0001,
   "OP_AND" 4'b0010,
   "OP_OR" 4'b0011,
   "OP_XOR" 4'b0100,
   "OP_SLL" 4'b0101,
   "OP_SRL" 4'b0110,
   "OP_SRA" 4'b0111,
   "OP_UNKNOWN" 4'b1000
 ;
enum0x622255e4d4a0 .enum4 (3)
   "OP_BEQ" 3'b000,
   "OP_BNE" 3'b001,
   "OP_BLT" 3'b010,
   "OP_BGE" 3'b011,
   "OP_BLTU" 3'b100,
   "OP_BGEU" 3'b101,
   "OP_BUNKNOWN" 3'b110
 ;
enum0x622255e4df60 .enum4 (3)
   "RD_MUX_DMEM" 3'b000,
   "RD_MUX_ALU" 3'b001,
   "RD_MUX_BCU" 3'b010,
   "RD_MUX_IMM" 3'b011,
   "RD_MUX_PC_N" 3'b100,
   "RD_MUX_N_A" 3'b101
 ;
enum0x622255eb2e30 .enum4 (4)
   "L_W" 4'b0000,
   "L_H" 4'b0001,
   "L_HU" 4'b0010,
   "L_B" 4'b0011,
   "L_BU" 4'b0100,
   "S_W" 4'b0101,
   "S_H" 4'b0110,
   "S_B" 4'b0111,
   "LS_N_A" 4'b1000
 ;
S_0x622255ee0660 .scope module, "tb_top" "tb_top" 4 3;
 .timescale -9 -12;
L_0x622255f29280 .functor BUFZ 32, v0x622255f12d00_0, C4<00000000000000000000000000000000>, C4<00000000000000000000000000000000>, C4<00000000000000000000000000000000>;
L_0x622255f29380 .functor BUFZ 32, L_0x622255f28300, C4<00000000000000000000000000000000>, C4<00000000000000000000000000000000>, C4<00000000000000000000000000000000>;
L_0x622255f293f0 .functor BUFZ 1, v0x622255f10540_0, C4<0>, C4<0>, C4<0>;
L_0x622255f29500 .functor BUFZ 32, v0x622255f14370_0, C4<00000000000000000000000000000000>, C4<00000000000000000000000000000000>, C4<00000000000000000000000000000000>;
v0x622255f17690_0 .var "clk", 0 0;
v0x622255f177e0_0 .net "data_address_obs", 31 0, L_0x622255f28f10;  1 drivers
v0x622255f178a0_0 .net "instr_obs", 31 0, L_0x622255f29380;  1 drivers
v0x622255f17960_0 .net "pc_obs", 31 0, L_0x622255f29280;  1 drivers
v0x622255f17a40_0 .net "rd_addr_obs", 4 0, L_0x622255f29460;  1 drivers
v0x622255f17b20_0 .net "reg_wdata_obs", 31 0, L_0x622255f29500;  1 drivers
v0x622255f17c00_0 .net "reg_we_obs", 0 0, L_0x622255f293f0;  1 drivers
v0x622255f17cc0_0 .var "reset", 0 0;
v0x622255f17db0_0 .net "write_data_obs", 31 0, v0x622255f11730_0;  1 drivers
v0x622255f17f90_0 .net "write_enable_obs", 0 0, L_0x622255f28ff0;  1 drivers
L_0x622255f29460 .part L_0x622255f29380, 7, 5;
S_0x622255ee7300 .scope begin, "$ivl_for_loop0" "$ivl_for_loop0" 4 99, 4 99 0, S_0x622255ee0660;
 .timescale -9 -12;
v0x622255eeff00_0 .var/2s "i", 31 0;
S_0x622255ee7600 .scope begin, "check_loop" "check_loop" 4 77, 4 77 0, S_0x622255ee0660;
 .timescale -9 -12;
E_0x622255e53460 .event posedge, v0x622255f12040_0;
S_0x622255f0dad0 .scope module, "u_top" "top" 4 14, 5 3 0, S_0x622255ee0660;
 .timescale 0 0;
    .port_info 0 /INPUT 1 "clk";
    .port_info 1 /INPUT 1 "reset";
    .port_info 2 /OUTPUT 32 "write_data";
    .port_info 3 /OUTPUT 32 "data_address";
    .port_info 4 /OUTPUT 1 "write_enable";
v0x622255f16e40_0 .net "clk", 0 0, v0x622255f17690_0;  1 drivers
v0x622255f16ee0_0 .net "data_address", 31 0, L_0x622255f28f10;  alias, 1 drivers
v0x622255f16ff0_0 .net "instruction_address", 31 0, L_0x622255f280e0;  1 drivers
v0x622255f170e0_0 .net "instruction_data", 31 0, v0x622255f16d20_0;  1 drivers
v0x622255f171f0_0 .net "read_data", 31 0, v0x622255f15b60_0;  1 drivers
v0x622255f17300_0 .net "reset", 0 0, v0x622255f17cc0_0;  1 drivers
v0x622255f173a0_0 .net "write_data", 31 0, v0x622255f11730_0;  alias, 1 drivers
v0x622255f17440_0 .net "write_data_strobe", 3 0, v0x622255f11860_0;  1 drivers
v0x622255f17550_0 .net "write_enable", 0 0, L_0x622255f28ff0;  alias, 1 drivers
S_0x622255f0dcb0 .scope module, "PrCore" "ProcessorCore" 5 21, 6 1 0, S_0x622255f0dad0;
 .timescale 0 0;
    .port_info 0 /INPUT 1 "clk_i";
    .port_info 1 /INPUT 1 "reset_i";
    .port_info 2 /OUTPUT 32 "instruction_address_o";
    .port_info 3 /INPUT 32 "instruction_data_i";
    .port_info 4 /INPUT 32 "read_data_i";
    .port_info 5 /OUTPUT 1 "write_enable_o";
    .port_info 6 /OUTPUT 32 "write_data_o";
    .port_info 7 /OUTPUT 4 "write_data_strobe_o";
    .port_info 8 /OUTPUT 32 "address_o";
L_0x622255f280e0 .functor BUFZ 32, v0x622255f12d00_0, C4<00000000000000000000000000000000>, C4<00000000000000000000000000000000>, C4<00000000000000000000000000000000>;
L_0x622255f28300 .functor BUFZ 32, v0x622255f16d20_0, C4<00000000000000000000000000000000>, C4<00000000000000000000000000000000>, C4<00000000000000000000000000000000>;
L_0x622255f28cf0 .functor BUFZ 32, v0x622255f122f0_0, C4<00000000000000000000000000000000>, C4<00000000000000000000000000000000>, C4<00000000000000000000000000000000>;
L_0x622255f28f10 .functor BUFZ 32, v0x622255eed680_0, C4<00000000000000000000000000000000>, C4<00000000000000000000000000000000>, C4<00000000000000000000000000000000>;
L_0x622255f28f80 .functor BUFZ 32, v0x622255f11560_0, C4<00000000000000000000000000000000>, C4<00000000000000000000000000000000>, C4<00000000000000000000000000000000>;
L_0x622255f28ff0 .functor BUFZ 1, v0x622255f0fd30_0, C4<0>, C4<0>, C4<0>;
L_0x622255f29130 .functor BUFZ 32, v0x622255f123d0_0, C4<00000000000000000000000000000000>, C4<00000000000000000000000000000000>, C4<00000000000000000000000000000000>;
v0x622255f12d00_0 .var "PC", 31 0;
L_0x77b7ea986018 .functor BUFT 1, C4<00000000000000000000000000000100>, C4<0>, C4<0>, C4<0>;
v0x622255f12e00_0 .net/2u *"_ivl_0", 31 0, L_0x77b7ea986018;  1 drivers
v0x622255f12ee0_0 .net "address_o", 31 0, L_0x622255f28f10;  alias, 1 drivers
v0x622255f12fd0_0 .net "alu_op_sel", 3 0, v0x622255f0fa50_0;  1 drivers
v0x622255f13090_0 .net "alu_output", 31 0, v0x622255eed680_0;  1 drivers
v0x622255f131a0_0 .net "alu_port_a", 31 0, L_0x622255f289c0;  1 drivers
v0x622255f13240_0 .net "alu_port_b", 31 0, L_0x622255f28b10;  1 drivers
v0x622255f13310_0 .net "branch_enable", 0 0, v0x622255f0ea40_0;  1 drivers
v0x622255f13400_0 .net "clk_i", 0 0, v0x622255f17690_0;  alias, 1 drivers
v0x622255f13530_0 .net "comp_op_sel", 2 0, v0x622255f0fc30_0;  1 drivers
v0x622255f135d0_0 .net "comp_port_a", 31 0, L_0x622255f28cf0;  1 drivers
v0x622255f13670_0 .net "comp_port_b", 31 0, L_0x622255f28db0;  1 drivers
v0x622255f13740_0 .net "data_memory_write_enable", 0 0, v0x622255f0fd30_0;  1 drivers
v0x622255f13810_0 .net "dmem_data", 31 0, L_0x622255f28f80;  1 drivers
v0x622255f138b0_0 .net "execute_port_a_sel", 0 0, v0x622255f0fdd0_0;  1 drivers
v0x622255f13980_0 .net "execute_port_b_sel", 0 0, v0x622255f0fec0_0;  1 drivers
v0x622255f13a50_0 .net "imm_select", 2 0, v0x622255f10100_0;  1 drivers
v0x622255f13b40_0 .net "immediate", 31 0, v0x622255f10cc0_0;  1 drivers
v0x622255f13be0_0 .net "instruction", 31 0, L_0x622255f28300;  1 drivers
v0x622255f13ca0_0 .net "instruction_address_o", 31 0, L_0x622255f280e0;  alias, 1 drivers
v0x622255f13d80_0 .net "instruction_data_i", 31 0, v0x622255f16d20_0;  alias, 1 drivers
v0x622255f13e60_0 .net "load_store_type", 3 0, v0x622255f101e0_0;  1 drivers
v0x622255f13f70_0 .net "pc_mux_sel", 0 0, v0x622255f103a0_0;  1 drivers
v0x622255f14010_0 .net "pc_next", 31 0, L_0x622255f28040;  1 drivers
v0x622255f140d0_0 .net "pc_update", 31 0, L_0x622255f28150;  1 drivers
v0x622255f141b0_0 .net "read_data_aligned", 31 0, v0x622255f11560_0;  1 drivers
v0x622255f142a0_0 .net "read_data_i", 31 0, v0x622255f15b60_0;  alias, 1 drivers
v0x622255f14370_0 .var "reg_data", 31 0;
v0x622255f14440_0 .net "reg_source_1", 31 0, v0x622255f122f0_0;  1 drivers
v0x622255f14510_0 .net "reg_source_2", 31 0, v0x622255f123d0_0;  1 drivers
v0x622255f145e0_0 .net "reg_write_data_sel", 2 0, v0x622255f10460_0;  1 drivers
v0x622255f146b0_0 .net "reg_write_enable", 0 0, v0x622255f10540_0;  1 drivers
v0x622255f147a0_0 .net "reset_i", 0 0, v0x622255f17cc0_0;  alias, 1 drivers
v0x622255f14840_0 .net "write_data_o", 31 0, v0x622255f11730_0;  alias, 1 drivers
v0x622255f14900_0 .net "write_data_strobe_o", 3 0, v0x622255f11860_0;  alias, 1 drivers
v0x622255f149d0_0 .net "write_data_unaligned", 31 0, L_0x622255f29130;  1 drivers
v0x622255f14aa0_0 .net "write_enable_o", 0 0, L_0x622255f28ff0;  alias, 1 drivers
E_0x622255e52bd0/0 .event anyedge, v0x622255f10460_0, v0x622255f13810_0, v0x622255eed680_0, v0x622255f0ea40_0;
E_0x622255e52bd0/1 .event anyedge, v0x622255f10cc0_0, v0x622255f14010_0;
E_0x622255e52bd0 .event/or E_0x622255e52bd0/0, E_0x622255e52bd0/1;
E_0x622255e530f0 .event posedge, v0x622255f147a0_0, v0x622255f12040_0;
L_0x622255f28040 .arith/sum 32, v0x622255f12d00_0, L_0x77b7ea986018;
L_0x622255f28150 .functor MUXZ 32, L_0x622255f28040, v0x622255eed680_0, v0x622255f103a0_0, C4<>;
L_0x622255f28390 .part L_0x622255f28300, 7, 5;
L_0x622255f28480 .part L_0x622255f28300, 15, 5;
L_0x622255f28550 .part L_0x622255f28300, 20, 5;
L_0x622255f28680 .part L_0x622255f28300, 7, 25;
L_0x622255f28760 .part L_0x622255f28300, 0, 7;
L_0x622255f28800 .part L_0x622255f28300, 12, 3;
L_0x622255f288f0 .part L_0x622255f28300, 30, 1;
L_0x622255f289c0 .functor MUXZ 32, v0x622255f12d00_0, v0x622255f122f0_0, v0x622255f0fdd0_0, C4<>;
L_0x622255f28b10 .functor MUXZ 32, v0x622255f10cc0_0, v0x622255f123d0_0, v0x622255f0fec0_0, C4<>;
L_0x622255f28db0 .functor MUXZ 32, v0x622255f123d0_0, v0x622255f10cc0_0, v0x622255f0fec0_0, C4<>;
S_0x622255f0e040 .scope module, "alu" "ArithmeticLogicUnit" 6 112, 7 3 0, S_0x622255f0dcb0;
 .timescale 0 0;
    .port_info 0 /OUTPUT 32 "alu_o";
    .port_info 1 /INPUT 32 "alu_port_a_i";
    .port_info 2 /INPUT 32 "alu_port_b_i";
    .port_info 3 /INPUT 4 "alu_op_sel_i";
P_0x622255eeded0 .param/l "REG_ADDR_WIDTH" 0 7 3, +C4<00000000000000000000000000000101>;
P_0x622255eedf10 .param/l "XLEN" 0 7 3, +C4<00000000000000000000000000100000>;
v0x622255eed680_0 .var "alu_o", 31 0;
v0x622255f0e420_0 .net "alu_op_sel_i", 3 0, v0x622255f0fa50_0;  alias, 1 drivers
v0x622255f0e500_0 .net "alu_port_a_i", 31 0, L_0x622255f289c0;  alias, 1 drivers
v0x622255f0e5c0_0 .net "alu_port_b_i", 31 0, L_0x622255f28b10;  alias, 1 drivers
E_0x622255e3aa60 .event anyedge, v0x622255f0e420_0, v0x622255f0e500_0, v0x622255f0e5c0_0, v0x622255f0e5c0_0;
S_0x622255f0e750 .scope module, "bcu" "ComparatorUnit" 6 120, 8 3 0, S_0x622255f0dcb0;
 .timescale 0 0;
    .port_info 0 /OUTPUT 1 "comp_o";
    .port_info 1 /INPUT 32 "comp_port_a_i";
    .port_info 2 /INPUT 32 "comp_port_b_i";
    .port_info 3 /INPUT 3 "comp_op_sel_i";
P_0x622255f0e950 .param/l "XLEN" 0 8 3, +C4<00000000000000000000000000100000>;
v0x622255f0ea40_0 .var "comp_o", 0 0;
v0x622255f0eb20_0 .net "comp_op_sel_i", 2 0, v0x622255f0fc30_0;  alias, 1 drivers
v0x622255f0ec00_0 .net "comp_port_a_i", 31 0, L_0x622255f28cf0;  alias, 1 drivers
v0x622255f0ecf0_0 .net "comp_port_b_i", 31 0, L_0x622255f28db0;  alias, 1 drivers
E_0x622255ef4280 .event anyedge, v0x622255f0eb20_0, v0x622255f0ec00_0, v0x622255f0ecf0_0;
S_0x622255f0ee80 .scope module, "ccu" "CoreControlUnit" 6 89, 9 3 0, S_0x622255f0dcb0;
 .timescale 0 0;
    .port_info 0 /OUTPUT 1 "pc_mux_sel_o";
    .port_info 1 /OUTPUT 1 "reg_write_enable_o";
    .port_info 2 /OUTPUT 3 "imm_select_o";
    .port_info 3 /OUTPUT 1 "execute_port_a_sel_o";
    .port_info 4 /OUTPUT 1 "execute_port_b_sel_o";
    .port_info 5 /OUTPUT 4 "alu_op_sel_o";
    .port_info 6 /OUTPUT 3 "comp_op_sel_o";
    .port_info 7 /OUTPUT 4 "load_store_type_o";
    .port_info 8 /OUTPUT 1 "data_memory_write_enable_o";
    .port_info 9 /OUTPUT 3 "reg_write_data_sel_o";
    .port_info 10 /INPUT 7 "op_code_i";
    .port_info 11 /INPUT 3 "funct3_i";
    .port_info 12 /INPUT 1 "funct7_bit5_i";
    .port_info 13 /INPUT 1 "branch_enable_i";
P_0x622255f0f060 .param/l "OP_B_TYPE" 1 9 22, C4<1100011>;
P_0x622255f0f0a0 .param/l "OP_I_ALU_TYPE" 1 9 26, C4<0010011>;
P_0x622255f0f0e0 .param/l "OP_I_ECALL_TYPE" 1 9 28, C4<1110011>;
P_0x622255f0f120 .param/l "OP_I_FENCE_TYPE" 1 9 27, C4<0001111>;
P_0x622255f0f160 .param/l "OP_I_JALR_TYPE" 1 9 24, C4<1100111>;
P_0x622255f0f1a0 .param/l "OP_I_LOAD_TYPE" 1 9 25, C4<0000011>;
P_0x622255f0f1e0 .param/l "OP_J_TYPE" 1 9 31, C4<1101111>;
P_0x622255f0f220 .param/l "OP_R_TYPE" 1 9 21, C4<0110011>;
P_0x622255f0f260 .param/l "OP_S_TYPE" 1 9 23, C4<0100011>;
P_0x622255f0f2a0 .param/l "OP_U_AUIPC_TYPE" 1 9 30, C4<0010111>;
P_0x622255f0f2e0 .param/l "OP_U_LUI_TYPE" 1 9 29, C4<0110111>;
P_0x622255f0f320 .param/l "XLEN" 0 9 3, +C4<00000000000000000000000000100000>;
v0x622255f0fa50_0 .var "alu_op_sel_o", 3 0;
v0x622255f0fb60_0 .net "branch_enable_i", 0 0, v0x622255f0ea40_0;  alias, 1 drivers
v0x622255f0fc30_0 .var "comp_op_sel_o", 2 0;
v0x622255f0fd30_0 .var "data_memory_write_enable_o", 0 0;
v0x622255f0fdd0_0 .var "execute_port_a_sel_o", 0 0;
v0x622255f0fec0_0 .var "execute_port_b_sel_o", 0 0;
v0x622255f0ff60_0 .net "funct3_i", 2 0, L_0x622255f28800;  1 drivers
v0x622255f10040_0 .net "funct7_bit5_i", 0 0, L_0x622255f288f0;  1 drivers
v0x622255f10100_0 .var "imm_select_o", 2 0;
v0x622255f101e0_0 .var "load_store_type_o", 3 0;
v0x622255f102c0_0 .net "op_code_i", 6 0, L_0x622255f28760;  1 drivers
v0x622255f103a0_0 .var "pc_mux_sel_o", 0 0;
v0x622255f10460_0 .var "reg_write_data_sel_o", 2 0;
v0x622255f10540_0 .var "reg_write_enable_o", 0 0;
E_0x622255ef5f40 .event anyedge, v0x622255f102c0_0, v0x622255f10040_0, v0x622255f0ff60_0, v0x622255f0ea40_0;
S_0x622255f107c0 .scope module, "ise" "ImmediateSignExtend" 6 82, 10 3 0, S_0x622255f0dcb0;
 .timescale 0 0;
    .port_info 0 /OUTPUT 32 "imm_o";
    .port_info 1 /INPUT 25 "imm_i";
    .port_info 2 /INPUT 3 "imm_sel_i";
P_0x622255f10950 .param/l "XLEN" 0 10 3, +C4<00000000000000000000000000100000>;
v0x622255f10bc0_0 .net "imm_i", 31 7, L_0x622255f28680;  1 drivers
v0x622255f10cc0_0 .var "imm_o", 31 0;
v0x622255f10da0_0 .net "imm_sel_i", 2 0, v0x622255f10100_0;  alias, 1 drivers
E_0x622255f10af0/0 .event anyedge, v0x622255f10100_0, v0x622255f10bc0_0, v0x622255f10bc0_0, v0x622255f10bc0_0;
E_0x622255f10af0/1 .event anyedge, v0x622255f10bc0_0, v0x622255f10bc0_0, v0x622255f10bc0_0, v0x622255f10bc0_0;
E_0x622255f10af0/2 .event anyedge, v0x622255f10bc0_0, v0x622255f10bc0_0, v0x622255f10bc0_0, v0x622255f10bc0_0;
E_0x622255f10af0 .event/or E_0x622255f10af0/0, E_0x622255f10af0/1, E_0x622255f10af0/2;
S_0x622255f10f00 .scope module, "lsu" "LoadStoreUnit" 6 128, 11 3 0, S_0x622255f0dcb0;
 .timescale 0 0;
    .port_info 0 /OUTPUT 32 "read_data_o";
    .port_info 1 /INPUT 32 "read_data_i";
    .port_info 2 /OUTPUT 32 "write_data_o";
    .port_info 3 /INPUT 32 "write_data_i";
    .port_info 4 /INPUT 4 "load_store_type_i";
    .port_info 5 /OUTPUT 4 "write_data_strobe_o";
P_0x622255f11130 .param/l "XLEN" 0 11 3, +C4<00000000000000000000000000100000>;
v0x622255f11390_0 .net "load_store_type_i", 3 0, v0x622255f101e0_0;  alias, 1 drivers
v0x622255f114a0_0 .net "read_data_i", 31 0, v0x622255f15b60_0;  alias, 1 drivers
v0x622255f11560_0 .var "read_data_o", 31 0;
v0x622255f11650_0 .net "write_data_i", 31 0, L_0x622255f29130;  alias, 1 drivers
v0x622255f11730_0 .var "write_data_o", 31 0;
v0x622255f11860_0 .var "write_data_strobe_o", 3 0;
E_0x622255f112b0 .event anyedge, v0x622255f101e0_0, v0x622255f11650_0, v0x622255f11650_0, v0x622255f11650_0;
E_0x622255f11320 .event anyedge, v0x622255f101e0_0, v0x622255f114a0_0, v0x622255f114a0_0, v0x622255f114a0_0;
S_0x622255f11a40 .scope module, "regfile" "RegisterFile" 6 70, 12 1 0, S_0x622255f0dcb0;
 .timescale 0 0;
    .port_info 0 /OUTPUT 32 "read_data_1_o";
    .port_info 1 /OUTPUT 32 "read_data_2_o";
    .port_info 2 /INPUT 1 "clk_i";
    .port_info 3 /INPUT 1 "write_enable_i";
    .port_info 4 /INPUT 32 "write_data_i";
    .port_info 5 /INPUT 5 "write_address_i";
    .port_info 6 /INPUT 5 "read_address_1_i";
    .port_info 7 /INPUT 5 "read_address_2_i";
P_0x622255f109f0 .param/l "REG_ADDR_WIDTH" 0 12 1, +C4<00000000000000000000000000000101>;
P_0x622255f10a30 .param/l "XLEN" 0 12 1, +C4<00000000000000000000000000100000>;
v0x622255f12040_0 .net "clk_i", 0 0, v0x622255f17690_0;  alias, 1 drivers
v0x622255f12120_0 .net "read_address_1_i", 4 0, L_0x622255f28480;  1 drivers
v0x622255f12200_0 .net "read_address_2_i", 4 0, L_0x622255f28550;  1 drivers
v0x622255f122f0_0 .var "read_data_1_o", 31 0;
v0x622255f123d0_0 .var "read_data_2_o", 31 0;
v0x622255f12500 .array "register", 0 31, 31 0;
v0x622255f129c0_0 .net "write_address_i", 4 0, L_0x622255f28390;  1 drivers
v0x622255f12aa0_0 .net "write_data_i", 31 0, v0x622255f14370_0;  1 drivers
v0x622255f12b80_0 .net "write_enable_i", 0 0, v0x622255f10540_0;  alias, 1 drivers
E_0x622255f111d0 .event negedge, v0x622255f12040_0;
v0x622255f12500_0 .array/port v0x622255f12500, 0;
v0x622255f12500_1 .array/port v0x622255f12500, 1;
v0x622255f12500_2 .array/port v0x622255f12500, 2;
E_0x622255f11ee0/0 .event anyedge, v0x622255f12120_0, v0x622255f12500_0, v0x622255f12500_1, v0x622255f12500_2;
v0x622255f12500_3 .array/port v0x622255f12500, 3;
v0x622255f12500_4 .array/port v0x622255f12500, 4;
v0x622255f12500_5 .array/port v0x622255f12500, 5;
v0x622255f12500_6 .array/port v0x622255f12500, 6;
E_0x622255f11ee0/1 .event anyedge, v0x622255f12500_3, v0x622255f12500_4, v0x622255f12500_5, v0x622255f12500_6;
v0x622255f12500_7 .array/port v0x622255f12500, 7;
v0x622255f12500_8 .array/port v0x622255f12500, 8;
v0x622255f12500_9 .array/port v0x622255f12500, 9;
v0x622255f12500_10 .array/port v0x622255f12500, 10;
E_0x622255f11ee0/2 .event anyedge, v0x622255f12500_7, v0x622255f12500_8, v0x622255f12500_9, v0x622255f12500_10;
v0x622255f12500_11 .array/port v0x622255f12500, 11;
v0x622255f12500_12 .array/port v0x622255f12500, 12;
v0x622255f12500_13 .array/port v0x622255f12500, 13;
v0x622255f12500_14 .array/port v0x622255f12500, 14;
E_0x622255f11ee0/3 .event anyedge, v0x622255f12500_11, v0x622255f12500_12, v0x622255f12500_13, v0x622255f12500_14;
v0x622255f12500_15 .array/port v0x622255f12500, 15;
v0x622255f12500_16 .array/port v0x622255f12500, 16;
v0x622255f12500_17 .array/port v0x622255f12500, 17;
v0x622255f12500_18 .array/port v0x622255f12500, 18;
E_0x622255f11ee0/4 .event anyedge, v0x622255f12500_15, v0x622255f12500_16, v0x622255f12500_17, v0x622255f12500_18;
v0x622255f12500_19 .array/port v0x622255f12500, 19;
v0x622255f12500_20 .array/port v0x622255f12500, 20;
v0x622255f12500_21 .array/port v0x622255f12500, 21;
v0x622255f12500_22 .array/port v0x622255f12500, 22;
E_0x622255f11ee0/5 .event anyedge, v0x622255f12500_19, v0x622255f12500_20, v0x622255f12500_21, v0x622255f12500_22;
v0x622255f12500_23 .array/port v0x622255f12500, 23;
v0x622255f12500_24 .array/port v0x622255f12500, 24;
v0x622255f12500_25 .array/port v0x622255f12500, 25;
v0x622255f12500_26 .array/port v0x622255f12500, 26;
E_0x622255f11ee0/6 .event anyedge, v0x622255f12500_23, v0x622255f12500_24, v0x622255f12500_25, v0x622255f12500_26;
v0x622255f12500_27 .array/port v0x622255f12500, 27;
v0x622255f12500_28 .array/port v0x622255f12500, 28;
v0x622255f12500_29 .array/port v0x622255f12500, 29;
v0x622255f12500_30 .array/port v0x622255f12500, 30;
E_0x622255f11ee0/7 .event anyedge, v0x622255f12500_27, v0x622255f12500_28, v0x622255f12500_29, v0x622255f12500_30;
v0x622255f12500_31 .array/port v0x622255f12500, 31;
E_0x622255f11ee0/8 .event anyedge, v0x622255f12500_31, v0x622255f12200_0;
E_0x622255f11ee0 .event/or E_0x622255f11ee0/0, E_0x622255f11ee0/1, E_0x622255f11ee0/2, E_0x622255f11ee0/3, E_0x622255f11ee0/4, E_0x622255f11ee0/5, E_0x622255f11ee0/6, E_0x622255f11ee0/7, E_0x622255f11ee0/8;
S_0x622255f14cb0 .scope module, "dmem" "DataMemory" 5 36, 13 1 0, S_0x622255f0dad0;
 .timescale 0 0;
    .port_info 0 /OUTPUT 32 "read_data_o";
    .port_info 1 /INPUT 1 "clk_i";
    .port_info 2 /INPUT 1 "write_enable_i";
    .port_info 3 /INPUT 32 "write_data_i";
    .port_info 4 /INPUT 32 "address_i";
v0x622255f150e0_0 .net "address_i", 31 0, L_0x622255f28f10;  alias, 1 drivers
v0x622255f151f0_0 .net "clk_i", 0 0, v0x622255f17690_0;  alias, 1 drivers
v0x622255f152e0 .array "data", 63 0, 31 0;
v0x622255f15b60_0 .var "read_data_o", 31 0;
v0x622255f15c70_0 .net "write_data_i", 31 0, v0x622255f11730_0;  alias, 1 drivers
v0x622255f15dd0_0 .net "write_enable_i", 0 0, L_0x622255f28ff0;  alias, 1 drivers
v0x622255f152e0_0 .array/port v0x622255f152e0, 0;
v0x622255f152e0_1 .array/port v0x622255f152e0, 1;
v0x622255f152e0_2 .array/port v0x622255f152e0, 2;
E_0x622255f14e90/0 .event anyedge, v0x622255f12ee0_0, v0x622255f152e0_0, v0x622255f152e0_1, v0x622255f152e0_2;
v0x622255f152e0_3 .array/port v0x622255f152e0, 3;
v0x622255f152e0_4 .array/port v0x622255f152e0, 4;
v0x622255f152e0_5 .array/port v0x622255f152e0, 5;
v0x622255f152e0_6 .array/port v0x622255f152e0, 6;
E_0x622255f14e90/1 .event anyedge, v0x622255f152e0_3, v0x622255f152e0_4, v0x622255f152e0_5, v0x622255f152e0_6;
v0x622255f152e0_7 .array/port v0x622255f152e0, 7;
v0x622255f152e0_8 .array/port v0x622255f152e0, 8;
v0x622255f152e0_9 .array/port v0x622255f152e0, 9;
v0x622255f152e0_10 .array/port v0x622255f152e0, 10;
E_0x622255f14e90/2 .event anyedge, v0x622255f152e0_7, v0x622255f152e0_8, v0x622255f152e0_9, v0x622255f152e0_10;
v0x622255f152e0_11 .array/port v0x622255f152e0, 11;
v0x622255f152e0_12 .array/port v0x622255f152e0, 12;
v0x622255f152e0_13 .array/port v0x622255f152e0, 13;
v0x622255f152e0_14 .array/port v0x622255f152e0, 14;
E_0x622255f14e90/3 .event anyedge, v0x622255f152e0_11, v0x622255f152e0_12, v0x622255f152e0_13, v0x622255f152e0_14;
v0x622255f152e0_15 .array/port v0x622255f152e0, 15;
v0x622255f152e0_16 .array/port v0x622255f152e0, 16;
v0x622255f152e0_17 .array/port v0x622255f152e0, 17;
v0x622255f152e0_18 .array/port v0x622255f152e0, 18;
E_0x622255f14e90/4 .event anyedge, v0x622255f152e0_15, v0x622255f152e0_16, v0x622255f152e0_17, v0x622255f152e0_18;
v0x622255f152e0_19 .array/port v0x622255f152e0, 19;
v0x622255f152e0_20 .array/port v0x622255f152e0, 20;
v0x622255f152e0_21 .array/port v0x622255f152e0, 21;
v0x622255f152e0_22 .array/port v0x622255f152e0, 22;
E_0x622255f14e90/5 .event anyedge, v0x622255f152e0_19, v0x622255f152e0_20, v0x622255f152e0_21, v0x622255f152e0_22;
v0x622255f152e0_23 .array/port v0x622255f152e0, 23;
v0x622255f152e0_24 .array/port v0x622255f152e0, 24;
v0x622255f152e0_25 .array/port v0x622255f152e0, 25;
v0x622255f152e0_26 .array/port v0x622255f152e0, 26;
E_0x622255f14e90/6 .event anyedge, v0x622255f152e0_23, v0x622255f152e0_24, v0x622255f152e0_25, v0x622255f152e0_26;
v0x622255f152e0_27 .array/port v0x622255f152e0, 27;
v0x622255f152e0_28 .array/port v0x622255f152e0, 28;
v0x622255f152e0_29 .array/port v0x622255f152e0, 29;
v0x622255f152e0_30 .array/port v0x622255f152e0, 30;
E_0x622255f14e90/7 .event anyedge, v0x622255f152e0_27, v0x622255f152e0_28, v0x622255f152e0_29, v0x622255f152e0_30;
v0x622255f152e0_31 .array/port v0x622255f152e0, 31;
v0x622255f152e0_32 .array/port v0x622255f152e0, 32;
v0x622255f152e0_33 .array/port v0x622255f152e0, 33;
v0x622255f152e0_34 .array/port v0x622255f152e0, 34;
E_0x622255f14e90/8 .event anyedge, v0x622255f152e0_31, v0x622255f152e0_32, v0x622255f152e0_33, v0x622255f152e0_34;
v0x622255f152e0_35 .array/port v0x622255f152e0, 35;
v0x622255f152e0_36 .array/port v0x622255f152e0, 36;
v0x622255f152e0_37 .array/port v0x622255f152e0, 37;
v0x622255f152e0_38 .array/port v0x622255f152e0, 38;
E_0x622255f14e90/9 .event anyedge, v0x622255f152e0_35, v0x622255f152e0_36, v0x622255f152e0_37, v0x622255f152e0_38;
v0x622255f152e0_39 .array/port v0x622255f152e0, 39;
v0x622255f152e0_40 .array/port v0x622255f152e0, 40;
v0x622255f152e0_41 .array/port v0x622255f152e0, 41;
v0x622255f152e0_42 .array/port v0x622255f152e0, 42;
E_0x622255f14e90/10 .event anyedge, v0x622255f152e0_39, v0x622255f152e0_40, v0x622255f152e0_41, v0x622255f152e0_42;
v0x622255f152e0_43 .array/port v0x622255f152e0, 43;
v0x622255f152e0_44 .array/port v0x622255f152e0, 44;
v0x622255f152e0_45 .array/port v0x622255f152e0, 45;
v0x622255f152e0_46 .array/port v0x622255f152e0, 46;
E_0x622255f14e90/11 .event anyedge, v0x622255f152e0_43, v0x622255f152e0_44, v0x622255f152e0_45, v0x622255f152e0_46;
v0x622255f152e0_47 .array/port v0x622255f152e0, 47;
v0x622255f152e0_48 .array/port v0x622255f152e0, 48;
v0x622255f152e0_49 .array/port v0x622255f152e0, 49;
v0x622255f152e0_50 .array/port v0x622255f152e0, 50;
E_0x622255f14e90/12 .event anyedge, v0x622255f152e0_47, v0x622255f152e0_48, v0x622255f152e0_49, v0x622255f152e0_50;
v0x622255f152e0_51 .array/port v0x622255f152e0, 51;
v0x622255f152e0_52 .array/port v0x622255f152e0, 52;
v0x622255f152e0_53 .array/port v0x622255f152e0, 53;
v0x622255f152e0_54 .array/port v0x622255f152e0, 54;
E_0x622255f14e90/13 .event anyedge, v0x622255f152e0_51, v0x622255f152e0_52, v0x622255f152e0_53, v0x622255f152e0_54;
v0x622255f152e0_55 .array/port v0x622255f152e0, 55;
v0x622255f152e0_56 .array/port v0x622255f152e0, 56;
v0x622255f152e0_57 .array/port v0x622255f152e0, 57;
v0x622255f152e0_58 .array/port v0x622255f152e0, 58;
E_0x622255f14e90/14 .event anyedge, v0x622255f152e0_55, v0x622255f152e0_56, v0x622255f152e0_57, v0x622255f152e0_58;
v0x622255f152e0_59 .array/port v0x622255f152e0, 59;
v0x622255f152e0_60 .array/port v0x622255f152e0, 60;
v0x622255f152e0_61 .array/port v0x622255f152e0, 61;
v0x622255f152e0_62 .array/port v0x622255f152e0, 62;
E_0x622255f14e90/15 .event anyedge, v0x622255f152e0_59, v0x622255f152e0_60, v0x622255f152e0_61, v0x622255f152e0_62;
v0x622255f152e0_63 .array/port v0x622255f152e0, 63;
E_0x622255f14e90/16 .event anyedge, v0x622255f152e0_63;
E_0x622255f14e90 .event/or E_0x622255f14e90/0, E_0x622255f14e90/1, E_0x622255f14e90/2, E_0x622255f14e90/3, E_0x622255f14e90/4, E_0x622255f14e90/5, E_0x622255f14e90/6, E_0x622255f14e90/7, E_0x622255f14e90/8, E_0x622255f14e90/9, E_0x622255f14e90/10, E_0x622255f14e90/11, E_0x622255f14e90/12, E_0x622255f14e90/13, E_0x622255f14e90/14, E_0x622255f14e90/15, E_0x622255f14e90/16;
S_0x622255f15ef0 .scope module, "imem" "InstructionMemory" 5 15, 14 1 0, S_0x622255f0dad0;
 .timescale 0 0;
    .port_info 0 /OUTPUT 32 "instruction_data_o";
    .port_info 1 /INPUT 32 "instruction_address_i";
v0x622255f16380 .array "instruction", 63 0, 31 0;
v0x622255f16c60_0 .net "instruction_address_i", 31 0, L_0x622255f280e0;  alias, 1 drivers
v0x622255f16d20_0 .var "instruction_data_o", 31 0;
v0x622255f16380_0 .array/port v0x622255f16380, 0;
v0x622255f16380_1 .array/port v0x622255f16380, 1;
v0x622255f16380_2 .array/port v0x622255f16380, 2;
E_0x622255f16110/0 .event anyedge, v0x622255f13ca0_0, v0x622255f16380_0, v0x622255f16380_1, v0x622255f16380_2;
v0x622255f16380_3 .array/port v0x622255f16380, 3;
v0x622255f16380_4 .array/port v0x622255f16380, 4;
v0x622255f16380_5 .array/port v0x622255f16380, 5;
v0x622255f16380_6 .array/port v0x622255f16380, 6;
E_0x622255f16110/1 .event anyedge, v0x622255f16380_3, v0x622255f16380_4, v0x622255f16380_5, v0x622255f16380_6;
v0x622255f16380_7 .array/port v0x622255f16380, 7;
v0x622255f16380_8 .array/port v0x622255f16380, 8;
v0x622255f16380_9 .array/port v0x622255f16380, 9;
v0x622255f16380_10 .array/port v0x622255f16380, 10;
E_0x622255f16110/2 .event anyedge, v0x622255f16380_7, v0x622255f16380_8, v0x622255f16380_9, v0x622255f16380_10;
v0x622255f16380_11 .array/port v0x622255f16380, 11;
v0x622255f16380_12 .array/port v0x622255f16380, 12;
v0x622255f16380_13 .array/port v0x622255f16380, 13;
v0x622255f16380_14 .array/port v0x622255f16380, 14;
E_0x622255f16110/3 .event anyedge, v0x622255f16380_11, v0x622255f16380_12, v0x622255f16380_13, v0x622255f16380_14;
v0x622255f16380_15 .array/port v0x622255f16380, 15;
v0x622255f16380_16 .array/port v0x622255f16380, 16;
v0x622255f16380_17 .array/port v0x622255f16380, 17;
v0x622255f16380_18 .array/port v0x622255f16380, 18;
E_0x622255f16110/4 .event anyedge, v0x622255f16380_15, v0x622255f16380_16, v0x622255f16380_17, v0x622255f16380_18;
v0x622255f16380_19 .array/port v0x622255f16380, 19;
v0x622255f16380_20 .array/port v0x622255f16380, 20;
v0x622255f16380_21 .array/port v0x622255f16380, 21;
v0x622255f16380_22 .array/port v0x622255f16380, 22;
E_0x622255f16110/5 .event anyedge, v0x622255f16380_19, v0x622255f16380_20, v0x622255f16380_21, v0x622255f16380_22;
v0x622255f16380_23 .array/port v0x622255f16380, 23;
v0x622255f16380_24 .array/port v0x622255f16380, 24;
v0x622255f16380_25 .array/port v0x622255f16380, 25;
v0x622255f16380_26 .array/port v0x622255f16380, 26;
E_0x622255f16110/6 .event anyedge, v0x622255f16380_23, v0x622255f16380_24, v0x622255f16380_25, v0x622255f16380_26;
v0x622255f16380_27 .array/port v0x622255f16380, 27;
v0x622255f16380_28 .array/port v0x622255f16380, 28;
v0x622255f16380_29 .array/port v0x622255f16380, 29;
v0x622255f16380_30 .array/port v0x622255f16380, 30;
E_0x622255f16110/7 .event anyedge, v0x622255f16380_27, v0x622255f16380_28, v0x622255f16380_29, v0x622255f16380_30;
v0x622255f16380_31 .array/port v0x622255f16380, 31;
v0x622255f16380_32 .array/port v0x622255f16380, 32;
v0x622255f16380_33 .array/port v0x622255f16380, 33;
v0x622255f16380_34 .array/port v0x622255f16380, 34;
E_0x622255f16110/8 .event anyedge, v0x622255f16380_31, v0x622255f16380_32, v0x622255f16380_33, v0x622255f16380_34;
v0x622255f16380_35 .array/port v0x622255f16380, 35;
v0x622255f16380_36 .array/port v0x622255f16380, 36;
v0x622255f16380_37 .array/port v0x622255f16380, 37;
v0x622255f16380_38 .array/port v0x622255f16380, 38;
E_0x622255f16110/9 .event anyedge, v0x622255f16380_35, v0x622255f16380_36, v0x622255f16380_37, v0x622255f16380_38;
v0x622255f16380_39 .array/port v0x622255f16380, 39;
v0x622255f16380_40 .array/port v0x622255f16380, 40;
v0x622255f16380_41 .array/port v0x622255f16380, 41;
v0x622255f16380_42 .array/port v0x622255f16380, 42;
E_0x622255f16110/10 .event anyedge, v0x622255f16380_39, v0x622255f16380_40, v0x622255f16380_41, v0x622255f16380_42;
v0x622255f16380_43 .array/port v0x622255f16380, 43;
v0x622255f16380_44 .array/port v0x622255f16380, 44;
v0x622255f16380_45 .array/port v0x622255f16380, 45;
v0x622255f16380_46 .array/port v0x622255f16380, 46;
E_0x622255f16110/11 .event anyedge, v0x622255f16380_43, v0x622255f16380_44, v0x622255f16380_45, v0x622255f16380_46;
v0x622255f16380_47 .array/port v0x622255f16380, 47;
v0x622255f16380_48 .array/port v0x622255f16380, 48;
v0x622255f16380_49 .array/port v0x622255f16380, 49;
v0x622255f16380_50 .array/port v0x622255f16380, 50;
E_0x622255f16110/12 .event anyedge, v0x622255f16380_47, v0x622255f16380_48, v0x622255f16380_49, v0x622255f16380_50;
v0x622255f16380_51 .array/port v0x622255f16380, 51;
v0x622255f16380_52 .array/port v0x622255f16380, 52;
v0x622255f16380_53 .array/port v0x622255f16380, 53;
v0x622255f16380_54 .array/port v0x622255f16380, 54;
E_0x622255f16110/13 .event anyedge, v0x622255f16380_51, v0x622255f16380_52, v0x622255f16380_53, v0x622255f16380_54;
v0x622255f16380_55 .array/port v0x622255f16380, 55;
v0x622255f16380_56 .array/port v0x622255f16380, 56;
v0x622255f16380_57 .array/port v0x622255f16380, 57;
v0x622255f16380_58 .array/port v0x622255f16380, 58;
E_0x622255f16110/14 .event anyedge, v0x622255f16380_55, v0x622255f16380_56, v0x622255f16380_57, v0x622255f16380_58;
v0x622255f16380_59 .array/port v0x622255f16380, 59;
v0x622255f16380_60 .array/port v0x622255f16380, 60;
v0x622255f16380_61 .array/port v0x622255f16380, 61;
v0x622255f16380_62 .array/port v0x622255f16380, 62;
E_0x622255f16110/15 .event anyedge, v0x622255f16380_59, v0x622255f16380_60, v0x622255f16380_61, v0x622255f16380_62;
v0x622255f16380_63 .array/port v0x622255f16380, 63;
E_0x622255f16110/16 .event anyedge, v0x622255f16380_63;
E_0x622255f16110 .event/or E_0x622255f16110/0, E_0x622255f16110/1, E_0x622255f16110/2, E_0x622255f16110/3, E_0x622255f16110/4, E_0x622255f16110/5, E_0x622255f16110/6, E_0x622255f16110/7, E_0x622255f16110/8, E_0x622255f16110/9, E_0x622255f16110/10, E_0x622255f16110/11, E_0x622255f16110/12, E_0x622255f16110/13, E_0x622255f16110/14, E_0x622255f16110/15, E_0x622255f16110/16;
    .scope S_0x622255f15ef0;
T_0 ;
Ewait_0 .event/or E_0x622255f16110, E_0x0;
    %wait Ewait_0;
    %load/vec4 v0x622255f16c60_0;
    %parti/s 6, 2, 3;
    %pad/u 8;
    %ix/vec4 4;
    %load/vec4a v0x622255f16380, 4;
    %store/vec4 v0x622255f16d20_0, 0, 32;
    %jmp T_0;
    .thread T_0, $push;
    .scope S_0x622255f11a40;
T_1 ;
Ewait_1 .event/or E_0x622255f11ee0, E_0x0;
    %wait Ewait_1;
    %load/vec4 v0x622255f12120_0;
    %pad/u 32;
    %cmpi/e 0, 0, 32;
    %flag_mov 8, 4;
    %jmp/0 T_1.0, 8;
    %pushi/vec4 0, 0, 32;
    %jmp/1 T_1.1, 8;
T_1.0 ; End of true expr.
    %load/vec4 v0x622255f12120_0;
    %pad/u 7;
    %ix/vec4 4;
    %load/vec4a v0x622255f12500, 4;
    %jmp/0 T_1.1, 8;
 ; End of false expr.
    %blend;
T_1.1;
    %store/vec4 v0x622255f122f0_0, 0, 32;
    %load/vec4 v0x622255f12200_0;
    %pad/u 32;
    %cmpi/e 0, 0, 32;
    %flag_mov 8, 4;
    %jmp/0 T_1.2, 8;
    %pushi/vec4 0, 0, 32;
    %jmp/1 T_1.3, 8;
T_1.2 ; End of true expr.
    %load/vec4 v0x622255f12200_0;
    %pad/u 7;
    %ix/vec4 4;
    %load/vec4a v0x622255f12500, 4;
    %jmp/0 T_1.3, 8;
 ; End of false expr.
    %blend;
T_1.3;
    %store/vec4 v0x622255f123d0_0, 0, 32;
    %jmp T_1;
    .thread T_1, $push;
    .scope S_0x622255f11a40;
T_2 ;
    %wait E_0x622255f111d0;
    %load/vec4 v0x622255f12b80_0;
    %pad/u 32;
    %cmpi/e 1, 0, 32;
    %flag_get/vec4 4;
    %jmp/0 T_2.2, 4;
    %load/vec4 v0x622255f129c0_0;
    %pad/u 32;
    %pushi/vec4 0, 0, 32;
    %cmp/ne;
    %flag_get/vec4 4;
    %and;
T_2.2;
    %flag_set/vec4 8;
    %jmp/0xz  T_2.0, 8;
    %load/vec4 v0x622255f12aa0_0;
    %load/vec4 v0x622255f129c0_0;
    %pad/u 7;
    %ix/vec4 3;
    %ix/load 4, 0, 0; Constant delay
    %assign/vec4/a/d v0x622255f12500, 0, 4;
T_2.0 ;
    %jmp T_2;
    .thread T_2;
    .scope S_0x622255f107c0;
T_3 ;
Ewait_2 .event/or E_0x622255f10af0, E_0x0;
    %wait Ewait_2;
    %load/vec4 v0x622255f10da0_0;
    %dup/vec4;
    %pushi/vec4 0, 0, 3;
    %cmp/u;
    %jmp/1 T_3.0, 6;
    %dup/vec4;
    %pushi/vec4 1, 0, 3;
    %cmp/u;
    %jmp/1 T_3.1, 6;
    %dup/vec4;
    %pushi/vec4 2, 0, 3;
    %cmp/u;
    %jmp/1 T_3.2, 6;
    %dup/vec4;
    %pushi/vec4 3, 0, 3;
    %cmp/u;
    %jmp/1 T_3.3, 6;
    %dup/vec4;
    %pushi/vec4 4, 0, 3;
    %cmp/u;
    %jmp/1 T_3.4, 6;
    %dup/vec4;
    %pushi/vec4 5, 0, 3;
    %cmp/u;
    %jmp/1 T_3.5, 6;
    %pushi/vec4 0, 0, 32;
    %store/vec4 v0x622255f10cc0_0, 0, 32;
    %jmp T_3.7;
T_3.0 ;
    %load/vec4 v0x622255f10bc0_0;
    %parti/s 1, 24, 6;
    %load/vec4 v0x622255f10bc0_0;
    %parti/s 1, 0, 2;
    %concat/vec4; draw_concat_vec4
    %load/vec4 v0x622255f10bc0_0;
    %parti/s 6, 18, 6;
    %concat/vec4; draw_concat_vec4
    %load/vec4 v0x622255f10bc0_0;
    %parti/s 4, 1, 2;
    %concat/vec4; draw_concat_vec4
    %concati/vec4 0, 0, 1;
    %pad/s 32;
    %store/vec4 v0x622255f10cc0_0, 0, 32;
    %jmp T_3.7;
T_3.1 ;
    %load/vec4 v0x622255f10bc0_0;
    %parti/s 7, 18, 6;
    %load/vec4 v0x622255f10bc0_0;
    %parti/s 5, 0, 2;
    %concat/vec4; draw_concat_vec4
    %pad/s 32;
    %store/vec4 v0x622255f10cc0_0, 0, 32;
    %jmp T_3.7;
T_3.2 ;
    %load/vec4 v0x622255f10bc0_0;
    %parti/s 20, 5, 4;
    %concati/vec4 0, 0, 12;
    %store/vec4 v0x622255f10cc0_0, 0, 32;
    %jmp T_3.7;
T_3.3 ;
    %load/vec4 v0x622255f10bc0_0;
    %parti/s 12, 13, 5;
    %pad/s 32;
    %store/vec4 v0x622255f10cc0_0, 0, 32;
    %jmp T_3.7;
T_3.4 ;
    %load/vec4 v0x622255f10bc0_0;
    %parti/s 1, 24, 6;
    %load/vec4 v0x622255f10bc0_0;
    %parti/s 8, 5, 4;
    %concat/vec4; draw_concat_vec4
    %load/vec4 v0x622255f10bc0_0;
    %parti/s 1, 13, 5;
    %concat/vec4; draw_concat_vec4
    %load/vec4 v0x622255f10bc0_0;
    %parti/s 10, 14, 5;
    %concat/vec4; draw_concat_vec4
    %concati/vec4 0, 0, 1;
    %pad/s 32;
    %store/vec4 v0x622255f10cc0_0, 0, 32;
    %jmp T_3.7;
T_3.5 ;
    %pushi/vec4 0, 0, 32;
    %store/vec4 v0x622255f10cc0_0, 0, 32;
    %jmp T_3.7;
T_3.7 ;
    %pop/vec4 1;
    %jmp T_3;
    .thread T_3, $push;
    .scope S_0x622255f0ee80;
T_4 ;
Ewait_3 .event/or E_0x622255ef5f40, E_0x0;
    %wait Ewait_3;
    %load/vec4 v0x622255f102c0_0;
    %dup/vec4;
    %pushi/vec4 51, 0, 7;
    %cmp/u;
    %jmp/1 T_4.0, 6;
    %dup/vec4;
    %pushi/vec4 99, 0, 7;
    %cmp/u;
    %jmp/1 T_4.1, 6;
    %dup/vec4;
    %pushi/vec4 35, 0, 7;
    %cmp/u;
    %jmp/1 T_4.2, 6;
    %dup/vec4;
    %pushi/vec4 103, 0, 7;
    %cmp/u;
    %jmp/1 T_4.3, 6;
    %dup/vec4;
    %pushi/vec4 3, 0, 7;
    %cmp/u;
    %jmp/1 T_4.4, 6;
    %dup/vec4;
    %pushi/vec4 19, 0, 7;
    %cmp/u;
    %jmp/1 T_4.5, 6;
    %dup/vec4;
    %pushi/vec4 15, 0, 7;
    %cmp/u;
    %jmp/1 T_4.6, 6;
    %dup/vec4;
    %pushi/vec4 115, 0, 7;
    %cmp/u;
    %jmp/1 T_4.7, 6;
    %dup/vec4;
    %pushi/vec4 55, 0, 7;
    %cmp/u;
    %jmp/1 T_4.8, 6;
    %dup/vec4;
    %pushi/vec4 23, 0, 7;
    %cmp/u;
    %jmp/1 T_4.9, 6;
    %dup/vec4;
    %pushi/vec4 111, 0, 7;
    %cmp/u;
    %jmp/1 T_4.10, 6;
    %pushi/vec4 0, 0, 1;
    %store/vec4 v0x622255f103a0_0, 0, 1;
    %pushi/vec4 0, 0, 1;
    %store/vec4 v0x622255f10540_0, 0, 1;
    %pushi/vec4 5, 0, 3;
    %store/vec4 v0x622255f10100_0, 0, 3;
    %pushi/vec4 0, 0, 1;
    %store/vec4 v0x622255f0fdd0_0, 0, 1;
    %pushi/vec4 0, 0, 1;
    %store/vec4 v0x622255f0fec0_0, 0, 1;
    %pushi/vec4 8, 0, 4;
    %store/vec4 v0x622255f0fa50_0, 0, 4;
    %pushi/vec4 6, 0, 3;
    %store/vec4 v0x622255f0fc30_0, 0, 3;
    %pushi/vec4 8, 0, 4;
    %store/vec4 v0x622255f101e0_0, 0, 4;
    %pushi/vec4 0, 0, 1;
    %store/vec4 v0x622255f0fd30_0, 0, 1;
    %pushi/vec4 5, 0, 3;
    %store/vec4 v0x622255f10460_0, 0, 3;
    %jmp T_4.12;
T_4.0 ;
    %pushi/vec4 0, 0, 1;
    %store/vec4 v0x622255f103a0_0, 0, 1;
    %pushi/vec4 1, 0, 1;
    %store/vec4 v0x622255f10540_0, 0, 1;
    %pushi/vec4 5, 0, 3;
    %store/vec4 v0x622255f10100_0, 0, 3;
    %pushi/vec4 1, 0, 1;
    %store/vec4 v0x622255f0fdd0_0, 0, 1;
    %load/vec4 v0x622255f10040_0;
    %load/vec4 v0x622255f0ff60_0;
    %concat/vec4; draw_concat_vec4
    %dup/vec4;
    %pushi/vec4 0, 0, 4;
    %cmp/u;
    %jmp/1 T_4.13, 6;
    %dup/vec4;
    %pushi/vec4 8, 0, 4;
    %cmp/u;
    %jmp/1 T_4.14, 6;
    %dup/vec4;
    %pushi/vec4 1, 0, 4;
    %cmp/u;
    %jmp/1 T_4.15, 6;
    %dup/vec4;
    %pushi/vec4 2, 0, 4;
    %cmp/u;
    %jmp/1 T_4.16, 6;
    %dup/vec4;
    %pushi/vec4 3, 0, 4;
    %cmp/u;
    %jmp/1 T_4.17, 6;
    %dup/vec4;
    %pushi/vec4 4, 0, 4;
    %cmp/u;
    %jmp/1 T_4.18, 6;
    %dup/vec4;
    %pushi/vec4 5, 0, 4;
    %cmp/u;
    %jmp/1 T_4.19, 6;
    %dup/vec4;
    %pushi/vec4 13, 0, 4;
    %cmp/u;
    %jmp/1 T_4.20, 6;
    %dup/vec4;
    %pushi/vec4 6, 0, 4;
    %cmp/u;
    %jmp/1 T_4.21, 6;
    %dup/vec4;
    %pushi/vec4 7, 0, 4;
    %cmp/u;
    %jmp/1 T_4.22, 6;
    %pushi/vec4 8, 0, 4;
    %store/vec4 v0x622255f0fa50_0, 0, 4;
    %pushi/vec4 6, 0, 3;
    %store/vec4 v0x622255f0fc30_0, 0, 3;
    %pushi/vec4 1, 0, 1;
    %store/vec4 v0x622255f0fec0_0, 0, 1;
    %pushi/vec4 1, 0, 3;
    %store/vec4 v0x622255f10460_0, 0, 3;
    %jmp T_4.24;
T_4.13 ;
    %pushi/vec4 0, 0, 4;
    %store/vec4 v0x622255f0fa50_0, 0, 4;
    %pushi/vec4 6, 0, 3;
    %store/vec4 v0x622255f0fc30_0, 0, 3;
    %pushi/vec4 1, 0, 1;
    %store/vec4 v0x622255f0fec0_0, 0, 1;
    %pushi/vec4 1, 0, 3;
    %store/vec4 v0x622255f10460_0, 0, 3;
    %jmp T_4.24;
T_4.14 ;
    %pushi/vec4 1, 0, 4;
    %store/vec4 v0x622255f0fa50_0, 0, 4;
    %pushi/vec4 6, 0, 3;
    %store/vec4 v0x622255f0fc30_0, 0, 3;
    %pushi/vec4 1, 0, 1;
    %store/vec4 v0x622255f0fec0_0, 0, 1;
    %pushi/vec4 1, 0, 3;
    %store/vec4 v0x622255f10460_0, 0, 3;
    %jmp T_4.24;
T_4.15 ;
    %pushi/vec4 5, 0, 4;
    %store/vec4 v0x622255f0fa50_0, 0, 4;
    %pushi/vec4 6, 0, 3;
    %store/vec4 v0x622255f0fc30_0, 0, 3;
    %pushi/vec4 1, 0, 1;
    %store/vec4 v0x622255f0fec0_0, 0, 1;
    %pushi/vec4 1, 0, 3;
    %store/vec4 v0x622255f10460_0, 0, 3;
    %jmp T_4.24;
T_4.16 ;
    %pushi/vec4 8, 0, 4;
    %store/vec4 v0x622255f0fa50_0, 0, 4;
    %pushi/vec4 2, 0, 3;
    %store/vec4 v0x622255f0fc30_0, 0, 3;
    %pushi/vec4 1, 0, 1;
    %store/vec4 v0x622255f0fec0_0, 0, 1;
    %pushi/vec4 2, 0, 3;
    %store/vec4 v0x622255f10460_0, 0, 3;
    %jmp T_4.24;
T_4.17 ;
    %pushi/vec4 8, 0, 4;
    %store/vec4 v0x622255f0fa50_0, 0, 4;
    %pushi/vec4 4, 0, 3;
    %store/vec4 v0x622255f0fc30_0, 0, 3;
    %pushi/vec4 1, 0, 1;
    %store/vec4 v0x622255f0fec0_0, 0, 1;
    %pushi/vec4 2, 0, 3;
    %store/vec4 v0x622255f10460_0, 0, 3;
    %jmp T_4.24;
T_4.18 ;
    %pushi/vec4 4, 0, 4;
    %store/vec4 v0x622255f0fa50_0, 0, 4;
    %pushi/vec4 6, 0, 3;
    %store/vec4 v0x622255f0fc30_0, 0, 3;
    %pushi/vec4 1, 0, 1;
    %store/vec4 v0x622255f0fec0_0, 0, 1;
    %pushi/vec4 1, 0, 3;
    %store/vec4 v0x622255f10460_0, 0, 3;
    %jmp T_4.24;
T_4.19 ;
    %pushi/vec4 6, 0, 4;
    %store/vec4 v0x622255f0fa50_0, 0, 4;
    %pushi/vec4 6, 0, 3;
    %store/vec4 v0x622255f0fc30_0, 0, 3;
    %pushi/vec4 1, 0, 1;
    %store/vec4 v0x622255f0fec0_0, 0, 1;
    %pushi/vec4 1, 0, 3;
    %store/vec4 v0x622255f10460_0, 0, 3;
    %jmp T_4.24;
T_4.20 ;
    %pushi/vec4 7, 0, 4;
    %store/vec4 v0x622255f0fa50_0, 0, 4;
    %pushi/vec4 6, 0, 3;
    %store/vec4 v0x622255f0fc30_0, 0, 3;
    %pushi/vec4 1, 0, 1;
    %store/vec4 v0x622255f0fec0_0, 0, 1;
    %pushi/vec4 1, 0, 3;
    %store/vec4 v0x622255f10460_0, 0, 3;
    %jmp T_4.24;
T_4.21 ;
    %pushi/vec4 3, 0, 4;
    %store/vec4 v0x622255f0fa50_0, 0, 4;
    %pushi/vec4 6, 0, 3;
    %store/vec4 v0x622255f0fc30_0, 0, 3;
    %pushi/vec4 1, 0, 1;
    %store/vec4 v0x622255f0fec0_0, 0, 1;
    %pushi/vec4 1, 0, 3;
    %store/vec4 v0x622255f10460_0, 0, 3;
    %jmp T_4.24;
T_4.22 ;
    %pushi/vec4 2, 0, 4;
    %store/vec4 v0x622255f0fa50_0, 0, 4;
    %pushi/vec4 6, 0, 3;
    %store/vec4 v0x622255f0fc30_0, 0, 3;
    %pushi/vec4 1, 0, 1;
    %store/vec4 v0x622255f0fec0_0, 0, 1;
    %pushi/vec4 1, 0, 3;
    %store/vec4 v0x622255f10460_0, 0, 3;
    %jmp T_4.24;
T_4.24 ;
    %pop/vec4 1;
    %pushi/vec4 8, 0, 4;
    %store/vec4 v0x622255f101e0_0, 0, 4;
    %pushi/vec4 0, 0, 1;
    %store/vec4 v0x622255f0fd30_0, 0, 1;
    %jmp T_4.12;
T_4.1 ;
    %load/vec4 v0x622255f0fb60_0;
    %store/vec4 v0x622255f103a0_0, 0, 1;
    %pushi/vec4 0, 0, 1;
    %store/vec4 v0x622255f10540_0, 0, 1;
    %pushi/vec4 0, 0, 3;
    %store/vec4 v0x622255f10100_0, 0, 3;
    %pushi/vec4 0, 0, 1;
    %store/vec4 v0x622255f0fdd0_0, 0, 1;
    %pushi/vec4 0, 0, 1;
    %store/vec4 v0x622255f0fec0_0, 0, 1;
    %pushi/vec4 0, 0, 4;
    %store/vec4 v0x622255f0fa50_0, 0, 4;
    %load/vec4 v0x622255f0ff60_0;
    %dup/vec4;
    %pushi/vec4 0, 0, 3;
    %cmp/u;
    %jmp/1 T_4.25, 6;
    %dup/vec4;
    %pushi/vec4 1, 0, 3;
    %cmp/u;
    %jmp/1 T_4.26, 6;
    %dup/vec4;
    %pushi/vec4 4, 0, 3;
    %cmp/u;
    %jmp/1 T_4.27, 6;
    %dup/vec4;
    %pushi/vec4 5, 0, 3;
    %cmp/u;
    %jmp/1 T_4.28, 6;
    %dup/vec4;
    %pushi/vec4 6, 0, 3;
    %cmp/u;
    %jmp/1 T_4.29, 6;
    %dup/vec4;
    %pushi/vec4 7, 0, 3;
    %cmp/u;
    %jmp/1 T_4.30, 6;
    %pushi/vec4 6, 0, 3;
    %store/vec4 v0x622255f0fc30_0, 0, 3;
    %jmp T_4.32;
T_4.25 ;
    %pushi/vec4 0, 0, 3;
    %store/vec4 v0x622255f0fc30_0, 0, 3;
    %jmp T_4.32;
T_4.26 ;
    %pushi/vec4 1, 0, 3;
    %store/vec4 v0x622255f0fc30_0, 0, 3;
    %jmp T_4.32;
T_4.27 ;
    %pushi/vec4 2, 0, 3;
    %store/vec4 v0x622255f0fc30_0, 0, 3;
    %jmp T_4.32;
T_4.28 ;
    %pushi/vec4 3, 0, 3;
    %store/vec4 v0x622255f0fc30_0, 0, 3;
    %jmp T_4.32;
T_4.29 ;
    %pushi/vec4 4, 0, 3;
    %store/vec4 v0x622255f0fc30_0, 0, 3;
    %jmp T_4.32;
T_4.30 ;
    %pushi/vec4 5, 0, 3;
    %store/vec4 v0x622255f0fc30_0, 0, 3;
    %jmp T_4.32;
T_4.32 ;
    %pop/vec4 1;
    %pushi/vec4 8, 0, 4;
    %store/vec4 v0x622255f101e0_0, 0, 4;
    %pushi/vec4 0, 0, 1;
    %store/vec4 v0x622255f0fd30_0, 0, 1;
    %pushi/vec4 5, 0, 3;
    %store/vec4 v0x622255f10460_0, 0, 3;
    %jmp T_4.12;
T_4.2 ;
    %pushi/vec4 0, 0, 1;
    %store/vec4 v0x622255f103a0_0, 0, 1;
    %pushi/vec4 0, 0, 1;
    %store/vec4 v0x622255f10540_0, 0, 1;
    %pushi/vec4 1, 0, 3;
    %store/vec4 v0x622255f10100_0, 0, 3;
    %pushi/vec4 1, 0, 1;
    %store/vec4 v0x622255f0fdd0_0, 0, 1;
    %pushi/vec4 0, 0, 1;
    %store/vec4 v0x622255f0fec0_0, 0, 1;
    %pushi/vec4 0, 0, 4;
    %store/vec4 v0x622255f0fa50_0, 0, 4;
    %pushi/vec4 6, 0, 3;
    %store/vec4 v0x622255f0fc30_0, 0, 3;
    %load/vec4 v0x622255f0ff60_0;
    %dup/vec4;
    %pushi/vec4 0, 0, 3;
    %cmp/u;
    %jmp/1 T_4.33, 6;
    %dup/vec4;
    %pushi/vec4 1, 0, 3;
    %cmp/u;
    %jmp/1 T_4.34, 6;
    %dup/vec4;
    %pushi/vec4 2, 0, 3;
    %cmp/u;
    %jmp/1 T_4.35, 6;
    %vpi_call/w 9 174 "$warning", "value is unhandled for priority or unique case statement" {0 0 0};
    %jmp T_4.36;
T_4.33 ;
    %pushi/vec4 7, 0, 4;
    %store/vec4 v0x622255f101e0_0, 0, 4;
    %jmp T_4.36;
T_4.34 ;
    %pushi/vec4 6, 0, 4;
    %store/vec4 v0x622255f101e0_0, 0, 4;
    %jmp T_4.36;
T_4.35 ;
    %pushi/vec4 5, 0, 4;
    %store/vec4 v0x622255f101e0_0, 0, 4;
    %jmp T_4.36;
T_4.36 ;
    %pop/vec4 1;
    %pushi/vec4 1, 0, 1;
    %store/vec4 v0x622255f0fd30_0, 0, 1;
    %pushi/vec4 5, 0, 3;
    %store/vec4 v0x622255f10460_0, 0, 3;
    %jmp T_4.12;
T_4.3 ;
    %pushi/vec4 1, 0, 1;
    %store/vec4 v0x622255f103a0_0, 0, 1;
    %pushi/vec4 1, 0, 1;
    %store/vec4 v0x622255f10540_0, 0, 1;
    %pushi/vec4 3, 0, 3;
    %store/vec4 v0x622255f10100_0, 0, 3;
    %pushi/vec4 1, 0, 1;
    %store/vec4 v0x622255f0fdd0_0, 0, 1;
    %pushi/vec4 0, 0, 1;
    %store/vec4 v0x622255f0fec0_0, 0, 1;
    %pushi/vec4 0, 0, 4;
    %store/vec4 v0x622255f0fa50_0, 0, 4;
    %pushi/vec4 6, 0, 3;
    %store/vec4 v0x622255f0fc30_0, 0, 3;
    %pushi/vec4 8, 0, 4;
    %store/vec4 v0x622255f101e0_0, 0, 4;
    %pushi/vec4 0, 0, 1;
    %store/vec4 v0x622255f0fd30_0, 0, 1;
    %pushi/vec4 4, 0, 3;
    %store/vec4 v0x622255f10460_0, 0, 3;
    %jmp T_4.12;
T_4.4 ;
    %pushi/vec4 0, 0, 1;
    %store/vec4 v0x622255f103a0_0, 0, 1;
    %pushi/vec4 1, 0, 1;
    %store/vec4 v0x622255f10540_0, 0, 1;
    %pushi/vec4 3, 0, 3;
    %store/vec4 v0x622255f10100_0, 0, 3;
    %pushi/vec4 1, 0, 1;
    %store/vec4 v0x622255f0fdd0_0, 0, 1;
    %pushi/vec4 0, 0, 1;
    %store/vec4 v0x622255f0fec0_0, 0, 1;
    %pushi/vec4 0, 0, 4;
    %store/vec4 v0x622255f0fa50_0, 0, 4;
    %pushi/vec4 6, 0, 3;
    %store/vec4 v0x622255f0fc30_0, 0, 3;
    %load/vec4 v0x622255f0ff60_0;
    %dup/vec4;
    %pushi/vec4 0, 0, 3;
    %cmp/u;
    %jmp/1 T_4.37, 6;
    %dup/vec4;
    %pushi/vec4 1, 0, 3;
    %cmp/u;
    %jmp/1 T_4.38, 6;
    %dup/vec4;
    %pushi/vec4 2, 0, 3;
    %cmp/u;
    %jmp/1 T_4.39, 6;
    %dup/vec4;
    %pushi/vec4 4, 0, 3;
    %cmp/u;
    %jmp/1 T_4.40, 6;
    %dup/vec4;
    %pushi/vec4 5, 0, 3;
    %cmp/u;
    %jmp/1 T_4.41, 6;
    %pushi/vec4 0, 0, 4;
    %store/vec4 v0x622255f101e0_0, 0, 4;
    %jmp T_4.43;
T_4.37 ;
    %pushi/vec4 3, 0, 4;
    %store/vec4 v0x622255f101e0_0, 0, 4;
    %jmp T_4.43;
T_4.38 ;
    %pushi/vec4 1, 0, 4;
    %store/vec4 v0x622255f101e0_0, 0, 4;
    %jmp T_4.43;
T_4.39 ;
    %pushi/vec4 0, 0, 4;
    %store/vec4 v0x622255f101e0_0, 0, 4;
    %jmp T_4.43;
T_4.40 ;
    %pushi/vec4 4, 0, 4;
    %store/vec4 v0x622255f101e0_0, 0, 4;
    %jmp T_4.43;
T_4.41 ;
    %pushi/vec4 2, 0, 4;
    %store/vec4 v0x622255f101e0_0, 0, 4;
    %jmp T_4.43;
T_4.43 ;
    %pop/vec4 1;
    %pushi/vec4 0, 0, 1;
    %store/vec4 v0x622255f0fd30_0, 0, 1;
    %pushi/vec4 0, 0, 3;
    %store/vec4 v0x622255f10460_0, 0, 3;
    %jmp T_4.12;
T_4.5 ;
    %pushi/vec4 0, 0, 1;
    %store/vec4 v0x622255f103a0_0, 0, 1;
    %pushi/vec4 1, 0, 1;
    %store/vec4 v0x622255f10540_0, 0, 1;
    %pushi/vec4 3, 0, 3;
    %store/vec4 v0x622255f10100_0, 0, 3;
    %pushi/vec4 1, 0, 1;
    %store/vec4 v0x622255f0fdd0_0, 0, 1;
    %load/vec4 v0x622255f0ff60_0;
    %dup/vec4;
    %pushi/vec4 0, 0, 3;
    %cmp/u;
    %jmp/1 T_4.44, 6;
    %dup/vec4;
    %pushi/vec4 2, 0, 3;
    %cmp/u;
    %jmp/1 T_4.45, 6;
    %dup/vec4;
    %pushi/vec4 3, 0, 3;
    %cmp/u;
    %jmp/1 T_4.46, 6;
    %dup/vec4;
    %pushi/vec4 4, 0, 3;
    %cmp/u;
    %jmp/1 T_4.47, 6;
    %dup/vec4;
    %pushi/vec4 6, 0, 3;
    %cmp/u;
    %jmp/1 T_4.48, 6;
    %dup/vec4;
    %pushi/vec4 7, 0, 3;
    %cmp/u;
    %jmp/1 T_4.49, 6;
    %dup/vec4;
    %pushi/vec4 1, 0, 3;
    %cmp/u;
    %jmp/1 T_4.50, 6;
    %dup/vec4;
    %pushi/vec4 5, 0, 3;
    %cmp/u;
    %jmp/1 T_4.51, 6;
    %pushi/vec4 8, 0, 4;
    %store/vec4 v0x622255f0fa50_0, 0, 4;
    %pushi/vec4 6, 0, 3;
    %store/vec4 v0x622255f0fc30_0, 0, 3;
    %pushi/vec4 0, 0, 1;
    %store/vec4 v0x622255f0fec0_0, 0, 1;
    %pushi/vec4 1, 0, 3;
    %store/vec4 v0x622255f10460_0, 0, 3;
    %jmp T_4.53;
T_4.44 ;
    %pushi/vec4 0, 0, 4;
    %store/vec4 v0x622255f0fa50_0, 0, 4;
    %pushi/vec4 6, 0, 3;
    %store/vec4 v0x622255f0fc30_0, 0, 3;
    %pushi/vec4 0, 0, 1;
    %store/vec4 v0x622255f0fec0_0, 0, 1;
    %pushi/vec4 1, 0, 3;
    %store/vec4 v0x622255f10460_0, 0, 3;
    %jmp T_4.53;
T_4.45 ;
    %pushi/vec4 8, 0, 4;
    %store/vec4 v0x622255f0fa50_0, 0, 4;
    %pushi/vec4 2, 0, 3;
    %store/vec4 v0x622255f0fc30_0, 0, 3;
    %pushi/vec4 0, 0, 1;
    %store/vec4 v0x622255f0fec0_0, 0, 1;
    %pushi/vec4 2, 0, 3;
    %store/vec4 v0x622255f10460_0, 0, 3;
    %jmp T_4.53;
T_4.46 ;
    %pushi/vec4 8, 0, 4;
    %store/vec4 v0x622255f0fa50_0, 0, 4;
    %pushi/vec4 4, 0, 3;
    %store/vec4 v0x622255f0fc30_0, 0, 3;
    %pushi/vec4 0, 0, 1;
    %store/vec4 v0x622255f0fec0_0, 0, 1;
    %pushi/vec4 2, 0, 3;
    %store/vec4 v0x622255f10460_0, 0, 3;
    %jmp T_4.53;
T_4.47 ;
    %pushi/vec4 4, 0, 4;
    %store/vec4 v0x622255f0fa50_0, 0, 4;
    %pushi/vec4 6, 0, 3;
    %store/vec4 v0x622255f0fc30_0, 0, 3;
    %pushi/vec4 0, 0, 1;
    %store/vec4 v0x622255f0fec0_0, 0, 1;
    %pushi/vec4 1, 0, 3;
    %store/vec4 v0x622255f10460_0, 0, 3;
    %jmp T_4.53;
T_4.48 ;
    %pushi/vec4 3, 0, 4;
    %store/vec4 v0x622255f0fa50_0, 0, 4;
    %pushi/vec4 6, 0, 3;
    %store/vec4 v0x622255f0fc30_0, 0, 3;
    %pushi/vec4 0, 0, 1;
    %store/vec4 v0x622255f0fec0_0, 0, 1;
    %pushi/vec4 1, 0, 3;
    %store/vec4 v0x622255f10460_0, 0, 3;
    %jmp T_4.53;
T_4.49 ;
    %pushi/vec4 2, 0, 4;
    %store/vec4 v0x622255f0fa50_0, 0, 4;
    %pushi/vec4 6, 0, 3;
    %store/vec4 v0x622255f0fc30_0, 0, 3;
    %pushi/vec4 0, 0, 1;
    %store/vec4 v0x622255f0fec0_0, 0, 1;
    %pushi/vec4 1, 0, 3;
    %store/vec4 v0x622255f10460_0, 0, 3;
    %jmp T_4.53;
T_4.50 ;
    %pushi/vec4 5, 0, 4;
    %store/vec4 v0x622255f0fa50_0, 0, 4;
    %pushi/vec4 6, 0, 3;
    %store/vec4 v0x622255f0fc30_0, 0, 3;
    %pushi/vec4 0, 0, 1;
    %store/vec4 v0x622255f0fec0_0, 0, 1;
    %pushi/vec4 1, 0, 3;
    %store/vec4 v0x622255f10460_0, 0, 3;
    %jmp T_4.53;
T_4.51 ;
    %load/vec4 v0x622255f10040_0;
    %flag_set/vec4 8;
    %jmp/0xz  T_4.54, 8;
    %pushi/vec4 7, 0, 4;
    %store/vec4 v0x622255f0fa50_0, 0, 4;
    %jmp T_4.55;
T_4.54 ;
    %pushi/vec4 6, 0, 4;
    %store/vec4 v0x622255f0fa50_0, 0, 4;
T_4.55 ;
    %pushi/vec4 6, 0, 3;
    %store/vec4 v0x622255f0fc30_0, 0, 3;
    %pushi/vec4 0, 0, 1;
    %store/vec4 v0x622255f0fec0_0, 0, 1;
    %pushi/vec4 1, 0, 3;
    %store/vec4 v0x622255f10460_0, 0, 3;
    %jmp T_4.53;
T_4.53 ;
    %pop/vec4 1;
    %pushi/vec4 8, 0, 4;
    %store/vec4 v0x622255f101e0_0, 0, 4;
    %pushi/vec4 0, 0, 1;
    %store/vec4 v0x622255f0fd30_0, 0, 1;
    %jmp T_4.12;
T_4.6 ;
    %pushi/vec4 0, 0, 1;
    %store/vec4 v0x622255f103a0_0, 0, 1;
    %pushi/vec4 0, 0, 1;
    %store/vec4 v0x622255f10540_0, 0, 1;
    %pushi/vec4 3, 0, 3;
    %store/vec4 v0x622255f10100_0, 0, 3;
    %pushi/vec4 1, 0, 1;
    %store/vec4 v0x622255f0fdd0_0, 0, 1;
    %pushi/vec4 0, 0, 1;
    %store/vec4 v0x622255f0fec0_0, 0, 1;
    %pushi/vec4 8, 0, 4;
    %store/vec4 v0x622255f0fa50_0, 0, 4;
    %pushi/vec4 6, 0, 3;
    %store/vec4 v0x622255f0fc30_0, 0, 3;
    %pushi/vec4 8, 0, 4;
    %store/vec4 v0x622255f101e0_0, 0, 4;
    %pushi/vec4 0, 0, 1;
    %store/vec4 v0x622255f0fd30_0, 0, 1;
    %pushi/vec4 5, 0, 3;
    %store/vec4 v0x622255f10460_0, 0, 3;
    %jmp T_4.12;
T_4.7 ;
    %pushi/vec4 0, 0, 1;
    %store/vec4 v0x622255f103a0_0, 0, 1;
    %pushi/vec4 0, 0, 1;
    %store/vec4 v0x622255f10540_0, 0, 1;
    %pushi/vec4 3, 0, 3;
    %store/vec4 v0x622255f10100_0, 0, 3;
    %pushi/vec4 1, 0, 1;
    %store/vec4 v0x622255f0fdd0_0, 0, 1;
    %pushi/vec4 0, 0, 1;
    %store/vec4 v0x622255f0fec0_0, 0, 1;
    %pushi/vec4 8, 0, 4;
    %store/vec4 v0x622255f0fa50_0, 0, 4;
    %pushi/vec4 6, 0, 3;
    %store/vec4 v0x622255f0fc30_0, 0, 3;
    %pushi/vec4 8, 0, 4;
    %store/vec4 v0x622255f101e0_0, 0, 4;
    %pushi/vec4 0, 0, 1;
    %store/vec4 v0x622255f0fd30_0, 0, 1;
    %pushi/vec4 5, 0, 3;
    %store/vec4 v0x622255f10460_0, 0, 3;
    %jmp T_4.12;
T_4.8 ;
    %pushi/vec4 0, 0, 1;
    %store/vec4 v0x622255f103a0_0, 0, 1;
    %pushi/vec4 1, 0, 1;
    %store/vec4 v0x622255f10540_0, 0, 1;
    %pushi/vec4 2, 0, 3;
    %store/vec4 v0x622255f10100_0, 0, 3;
    %pushi/vec4 0, 0, 1;
    %store/vec4 v0x622255f0fdd0_0, 0, 1;
    %pushi/vec4 0, 0, 1;
    %store/vec4 v0x622255f0fec0_0, 0, 1;
    %pushi/vec4 8, 0, 4;
    %store/vec4 v0x622255f0fa50_0, 0, 4;
    %pushi/vec4 6, 0, 3;
    %store/vec4 v0x622255f0fc30_0, 0, 3;
    %pushi/vec4 8, 0, 4;
    %store/vec4 v0x622255f101e0_0, 0, 4;
    %pushi/vec4 0, 0, 1;
    %store/vec4 v0x622255f0fd30_0, 0, 1;
    %pushi/vec4 3, 0, 3;
    %store/vec4 v0x622255f10460_0, 0, 3;
    %jmp T_4.12;
T_4.9 ;
    %pushi/vec4 0, 0, 1;
    %store/vec4 v0x622255f103a0_0, 0, 1;
    %pushi/vec4 1, 0, 1;
    %store/vec4 v0x622255f10540_0, 0, 1;
    %pushi/vec4 2, 0, 3;
    %store/vec4 v0x622255f10100_0, 0, 3;
    %pushi/vec4 0, 0, 1;
    %store/vec4 v0x622255f0fdd0_0, 0, 1;
    %pushi/vec4 0, 0, 1;
    %store/vec4 v0x622255f0fec0_0, 0, 1;
    %pushi/vec4 0, 0, 4;
    %store/vec4 v0x622255f0fa50_0, 0, 4;
    %pushi/vec4 6, 0, 3;
    %store/vec4 v0x622255f0fc30_0, 0, 3;
    %pushi/vec4 8, 0, 4;
    %store/vec4 v0x622255f101e0_0, 0, 4;
    %pushi/vec4 0, 0, 1;
    %store/vec4 v0x622255f0fd30_0, 0, 1;
    %pushi/vec4 1, 0, 3;
    %store/vec4 v0x622255f10460_0, 0, 3;
    %jmp T_4.12;
T_4.10 ;
    %pushi/vec4 1, 0, 1;
    %store/vec4 v0x622255f103a0_0, 0, 1;
    %pushi/vec4 1, 0, 1;
    %store/vec4 v0x622255f10540_0, 0, 1;
    %pushi/vec4 4, 0, 3;
    %store/vec4 v0x622255f10100_0, 0, 3;
    %pushi/vec4 0, 0, 1;
    %store/vec4 v0x622255f0fdd0_0, 0, 1;
    %pushi/vec4 0, 0, 1;
    %store/vec4 v0x622255f0fec0_0, 0, 1;
    %pushi/vec4 0, 0, 4;
    %store/vec4 v0x622255f0fa50_0, 0, 4;
    %pushi/vec4 6, 0, 3;
    %store/vec4 v0x622255f0fc30_0, 0, 3;
    %pushi/vec4 8, 0, 4;
    %store/vec4 v0x622255f101e0_0, 0, 4;
    %pushi/vec4 0, 0, 1;
    %store/vec4 v0x622255f0fd30_0, 0, 1;
    %pushi/vec4 4, 0, 3;
    %store/vec4 v0x622255f10460_0, 0, 3;
    %jmp T_4.12;
T_4.12 ;
    %pop/vec4 1;
    %jmp T_4;
    .thread T_4, $push;
    .scope S_0x622255f0e040;
T_5 ;
Ewait_4 .event/or E_0x622255e3aa60, E_0x0;
    %wait Ewait_4;
    %load/vec4 v0x622255f0e420_0;
    %dup/vec4;
    %pushi/vec4 0, 0, 4;
    %cmp/u;
    %jmp/1 T_5.0, 6;
    %dup/vec4;
    %pushi/vec4 1, 0, 4;
    %cmp/u;
    %jmp/1 T_5.1, 6;
    %dup/vec4;
    %pushi/vec4 2, 0, 4;
    %cmp/u;
    %jmp/1 T_5.2, 6;
    %dup/vec4;
    %pushi/vec4 3, 0, 4;
    %cmp/u;
    %jmp/1 T_5.3, 6;
    %dup/vec4;
    %pushi/vec4 4, 0, 4;
    %cmp/u;
    %jmp/1 T_5.4, 6;
    %dup/vec4;
    %pushi/vec4 5, 0, 4;
    %cmp/u;
    %jmp/1 T_5.5, 6;
    %dup/vec4;
    %pushi/vec4 6, 0, 4;
    %cmp/u;
    %jmp/1 T_5.6, 6;
    %dup/vec4;
    %pushi/vec4 7, 0, 4;
    %cmp/u;
    %jmp/1 T_5.7, 6;
    %dup/vec4;
    %pushi/vec4 8, 0, 4;
    %cmp/u;
    %jmp/1 T_5.8, 6;
    %pushi/vec4 0, 0, 32;
    %store/vec4 v0x622255eed680_0, 0, 32;
    %jmp T_5.10;
T_5.0 ;
    %load/vec4 v0x622255f0e500_0;
    %load/vec4 v0x622255f0e5c0_0;
    %add;
    %store/vec4 v0x622255eed680_0, 0, 32;
    %jmp T_5.10;
T_5.1 ;
    %load/vec4 v0x622255f0e500_0;
    %load/vec4 v0x622255f0e5c0_0;
    %sub;
    %store/vec4 v0x622255eed680_0, 0, 32;
    %jmp T_5.10;
T_5.2 ;
    %load/vec4 v0x622255f0e500_0;
    %load/vec4 v0x622255f0e5c0_0;
    %and;
    %store/vec4 v0x622255eed680_0, 0, 32;
    %jmp T_5.10;
T_5.3 ;
    %load/vec4 v0x622255f0e500_0;
    %load/vec4 v0x622255f0e5c0_0;
    %or;
    %store/vec4 v0x622255eed680_0, 0, 32;
    %jmp T_5.10;
T_5.4 ;
    %load/vec4 v0x622255f0e500_0;
    %load/vec4 v0x622255f0e5c0_0;
    %xor;
    %store/vec4 v0x622255eed680_0, 0, 32;
    %jmp T_5.10;
T_5.5 ;
    %load/vec4 v0x622255f0e500_0;
    %load/vec4 v0x622255f0e5c0_0;
    %parti/s 5, 0, 2;
    %ix/vec4 4;
    %shiftl 4;
    %store/vec4 v0x622255eed680_0, 0, 32;
    %jmp T_5.10;
T_5.6 ;
    %load/vec4 v0x622255f0e500_0;
    %load/vec4 v0x622255f0e5c0_0;
    %parti/s 5, 0, 2;
    %ix/vec4 4;
    %shiftr 4;
    %store/vec4 v0x622255eed680_0, 0, 32;
    %jmp T_5.10;
T_5.7 ;
    %load/vec4 v0x622255f0e500_0;
    %load/vec4 v0x622255f0e5c0_0;
    %parti/s 5, 0, 2;
    %ix/vec4 4;
    %shiftr/s 4;
    %store/vec4 v0x622255eed680_0, 0, 32;
    %jmp T_5.10;
T_5.8 ;
    %pushi/vec4 0, 0, 32;
    %store/vec4 v0x622255eed680_0, 0, 32;
    %jmp T_5.10;
T_5.10 ;
    %pop/vec4 1;
    %jmp T_5;
    .thread T_5, $push;
    .scope S_0x622255f0e750;
T_6 ;
Ewait_5 .event/or E_0x622255ef4280, E_0x0;
    %wait Ewait_5;
    %load/vec4 v0x622255f0eb20_0;
    %dup/vec4;
    %pushi/vec4 0, 0, 3;
    %cmp/u;
    %jmp/1 T_6.0, 6;
    %dup/vec4;
    %pushi/vec4 1, 0, 3;
    %cmp/u;
    %jmp/1 T_6.1, 6;
    %dup/vec4;
    %pushi/vec4 4, 0, 3;
    %cmp/u;
    %jmp/1 T_6.2, 6;
    %dup/vec4;
    %pushi/vec4 5, 0, 3;
    %cmp/u;
    %jmp/1 T_6.3, 6;
    %dup/vec4;
    %pushi/vec4 2, 0, 3;
    %cmp/u;
    %jmp/1 T_6.4, 6;
    %dup/vec4;
    %pushi/vec4 3, 0, 3;
    %cmp/u;
    %jmp/1 T_6.5, 6;
    %dup/vec4;
    %pushi/vec4 6, 0, 3;
    %cmp/u;
    %jmp/1 T_6.6, 6;
    %pushi/vec4 0, 0, 1;
    %store/vec4 v0x622255f0ea40_0, 0, 1;
    %jmp T_6.8;
T_6.0 ;
    %load/vec4 v0x622255f0ec00_0;
    %load/vec4 v0x622255f0ecf0_0;
    %cmp/e;
    %flag_get/vec4 4;
    %store/vec4 v0x622255f0ea40_0, 0, 1;
    %jmp T_6.8;
T_6.1 ;
    %load/vec4 v0x622255f0ec00_0;
    %load/vec4 v0x622255f0ecf0_0;
    %cmp/ne;
    %flag_get/vec4 4;
    %store/vec4 v0x622255f0ea40_0, 0, 1;
    %jmp T_6.8;
T_6.2 ;
    %load/vec4 v0x622255f0ec00_0;
    %load/vec4 v0x622255f0ecf0_0;
    %cmp/u;
    %flag_get/vec4 5;
    %store/vec4 v0x622255f0ea40_0, 0, 1;
    %jmp T_6.8;
T_6.3 ;
    %load/vec4 v0x622255f0ecf0_0;
    %load/vec4 v0x622255f0ec00_0;
    %cmp/u;
    %flag_get/vec4 4;
    %flag_get/vec4 5;
    %or;
    %store/vec4 v0x622255f0ea40_0, 0, 1;
    %jmp T_6.8;
T_6.4 ;
    %load/vec4 v0x622255f0ec00_0;
    %load/vec4 v0x622255f0ecf0_0;
    %cmp/s;
    %flag_get/vec4 5;
    %store/vec4 v0x622255f0ea40_0, 0, 1;
    %jmp T_6.8;
T_6.5 ;
    %load/vec4 v0x622255f0ecf0_0;
    %load/vec4 v0x622255f0ec00_0;
    %cmp/s;
    %flag_get/vec4 4;
    %flag_get/vec4 5;
    %or;
    %store/vec4 v0x622255f0ea40_0, 0, 1;
    %jmp T_6.8;
T_6.6 ;
    %pushi/vec4 0, 0, 1;
    %store/vec4 v0x622255f0ea40_0, 0, 1;
    %jmp T_6.8;
T_6.8 ;
    %pop/vec4 1;
    %jmp T_6;
    .thread T_6, $push;
    .scope S_0x622255f10f00;
T_7 ;
Ewait_6 .event/or E_0x622255f11320, E_0x0;
    %wait Ewait_6;
    %load/vec4 v0x622255f11390_0;
    %dup/vec4;
    %pushi/vec4 3, 0, 4;
    %cmp/u;
    %jmp/1 T_7.0, 6;
    %dup/vec4;
    %pushi/vec4 4, 0, 4;
    %cmp/u;
    %jmp/1 T_7.1, 6;
    %dup/vec4;
    %pushi/vec4 1, 0, 4;
    %cmp/u;
    %jmp/1 T_7.2, 6;
    %dup/vec4;
    %pushi/vec4 2, 0, 4;
    %cmp/u;
    %jmp/1 T_7.3, 6;
    %dup/vec4;
    %pushi/vec4 0, 0, 4;
    %cmp/u;
    %jmp/1 T_7.4, 6;
    %load/vec4 v0x622255f114a0_0;
    %store/vec4 v0x622255f11560_0, 0, 32;
    %jmp T_7.6;
T_7.0 ;
    %load/vec4 v0x622255f114a0_0;
    %parti/s 8, 0, 2;
    %pad/s 32;
    %store/vec4 v0x622255f11560_0, 0, 32;
    %jmp T_7.6;
T_7.1 ;
    %pushi/vec4 0, 0, 24;
    %load/vec4 v0x622255f114a0_0;
    %parti/s 8, 0, 2;
    %concat/vec4; draw_concat_vec4
    %store/vec4 v0x622255f11560_0, 0, 32;
    %jmp T_7.6;
T_7.2 ;
    %load/vec4 v0x622255f114a0_0;
    %parti/s 16, 0, 2;
    %pad/s 32;
    %store/vec4 v0x622255f11560_0, 0, 32;
    %jmp T_7.6;
T_7.3 ;
    %pushi/vec4 0, 0, 16;
    %load/vec4 v0x622255f114a0_0;
    %parti/s 16, 0, 2;
    %concat/vec4; draw_concat_vec4
    %store/vec4 v0x622255f11560_0, 0, 32;
    %jmp T_7.6;
T_7.4 ;
    %load/vec4 v0x622255f114a0_0;
    %store/vec4 v0x622255f11560_0, 0, 32;
    %jmp T_7.6;
T_7.6 ;
    %pop/vec4 1;
    %jmp T_7;
    .thread T_7, $push;
    .scope S_0x622255f10f00;
T_8 ;
Ewait_7 .event/or E_0x622255f112b0, E_0x0;
    %wait Ewait_7;
    %load/vec4 v0x622255f11390_0;
    %dup/vec4;
    %pushi/vec4 7, 0, 4;
    %cmp/u;
    %jmp/1 T_8.0, 6;
    %dup/vec4;
    %pushi/vec4 6, 0, 4;
    %cmp/u;
    %jmp/1 T_8.1, 6;
    %dup/vec4;
    %pushi/vec4 5, 0, 4;
    %cmp/u;
    %jmp/1 T_8.2, 6;
    %load/vec4 v0x622255f11650_0;
    %store/vec4 v0x622255f11730_0, 0, 32;
    %pushi/vec4 0, 0, 4;
    %store/vec4 v0x622255f11860_0, 0, 4;
    %jmp T_8.4;
T_8.0 ;
    %pushi/vec4 0, 0, 24;
    %load/vec4 v0x622255f11650_0;
    %parti/s 8, 0, 2;
    %concat/vec4; draw_concat_vec4
    %store/vec4 v0x622255f11730_0, 0, 32;
    %pushi/vec4 1, 0, 4;
    %store/vec4 v0x622255f11860_0, 0, 4;
    %jmp T_8.4;
T_8.1 ;
    %pushi/vec4 0, 0, 16;
    %load/vec4 v0x622255f11650_0;
    %parti/s 16, 0, 2;
    %concat/vec4; draw_concat_vec4
    %store/vec4 v0x622255f11730_0, 0, 32;
    %pushi/vec4 3, 0, 4;
    %store/vec4 v0x622255f11860_0, 0, 4;
    %jmp T_8.4;
T_8.2 ;
    %load/vec4 v0x622255f11650_0;
    %store/vec4 v0x622255f11730_0, 0, 32;
    %pushi/vec4 15, 0, 4;
    %store/vec4 v0x622255f11860_0, 0, 4;
    %jmp T_8.4;
T_8.4 ;
    %pop/vec4 1;
    %jmp T_8;
    .thread T_8, $push;
    .scope S_0x622255f0dcb0;
T_9 ;
    %wait E_0x622255e530f0;
    %load/vec4 v0x622255f147a0_0;
    %flag_set/vec4 8;
    %jmp/0xz  T_9.0, 8;
    %pushi/vec4 0, 0, 32;
    %assign/vec4 v0x622255f12d00_0, 0;
    %jmp T_9.1;
T_9.0 ;
    %load/vec4 v0x622255f140d0_0;
    %assign/vec4 v0x622255f12d00_0, 0;
T_9.1 ;
    %jmp T_9;
    .thread T_9;
    .scope S_0x622255f0dcb0;
T_10 ;
Ewait_8 .event/or E_0x622255e52bd0, E_0x0;
    %wait Ewait_8;
    %load/vec4 v0x622255f145e0_0;
    %dup/vec4;
    %pushi/vec4 0, 0, 3;
    %cmp/u;
    %jmp/1 T_10.0, 6;
    %dup/vec4;
    %pushi/vec4 1, 0, 3;
    %cmp/u;
    %jmp/1 T_10.1, 6;
    %dup/vec4;
    %pushi/vec4 2, 0, 3;
    %cmp/u;
    %jmp/1 T_10.2, 6;
    %dup/vec4;
    %pushi/vec4 3, 0, 3;
    %cmp/u;
    %jmp/1 T_10.3, 6;
    %dup/vec4;
    %pushi/vec4 4, 0, 3;
    %cmp/u;
    %jmp/1 T_10.4, 6;
    %pushi/vec4 0, 4294967295, 32;
    %store/vec4 v0x622255f14370_0, 0, 32;
    %jmp T_10.6;
T_10.0 ;
    %load/vec4 v0x622255f13810_0;
    %store/vec4 v0x622255f14370_0, 0, 32;
    %jmp T_10.6;
T_10.1 ;
    %load/vec4 v0x622255f13090_0;
    %store/vec4 v0x622255f14370_0, 0, 32;
    %jmp T_10.6;
T_10.2 ;
    %pushi/vec4 0, 0, 31;
    %load/vec4 v0x622255f13310_0;
    %concat/vec4; draw_concat_vec4
    %store/vec4 v0x622255f14370_0, 0, 32;
    %jmp T_10.6;
T_10.3 ;
    %load/vec4 v0x622255f13b40_0;
    %store/vec4 v0x622255f14370_0, 0, 32;
    %jmp T_10.6;
T_10.4 ;
    %load/vec4 v0x622255f14010_0;
    %store/vec4 v0x622255f14370_0, 0, 32;
    %jmp T_10.6;
T_10.6 ;
    %pop/vec4 1;
    %jmp T_10;
    .thread T_10, $push;
    .scope S_0x622255f14cb0;
T_11 ;
Ewait_9 .event/or E_0x622255f14e90, E_0x0;
    %wait Ewait_9;
    %ix/getv 4, v0x622255f150e0_0;
    %load/vec4a v0x622255f152e0, 4;
    %store/vec4 v0x622255f15b60_0, 0, 32;
    %jmp T_11;
    .thread T_11, $push;
    .scope S_0x622255f14cb0;
T_12 ;
    %wait E_0x622255e53460;
    %load/vec4 v0x622255f15dd0_0;
    %pad/u 32;
    %cmpi/e 1, 0, 32;
    %jmp/0xz  T_12.0, 4;
    %load/vec4 v0x622255f15c70_0;
    %load/vec4 v0x622255f150e0_0;
    %parti/s 30, 2, 3;
    %ix/vec4 3;
    %ix/load 4, 0, 0; Constant delay
    %assign/vec4/a/d v0x622255f152e0, 0, 4;
T_12.0 ;
    %jmp T_12;
    .thread T_12;
    .scope S_0x622255ee0660;
T_13 ;
    %delay 5000, 0;
    %load/vec4 v0x622255f17690_0;
    %inv;
    %store/vec4 v0x622255f17690_0, 0, 1;
    %jmp T_13;
    .thread T_13;
    .scope S_0x622255ee0660;
T_14 ;
    %vpi_call/w 4 28 "$readmemh", "all_test.hex", v0x622255f16380 {0 0 0};
    %end;
    .thread T_14;
    .scope S_0x622255ee0660;
T_15 ;
    %wait E_0x622255f111d0;
    %load/vec4 v0x622255f17cc0_0;
    %nor/r;
    %flag_set/vec4 8;
    %jmp/0xz  T_15.0, 8;
    %load/vec4 v0x622255f17c00_0;
    %flag_set/vec4 9;
    %flag_get/vec4 9;
    %jmp/0 T_15.4, 9;
    %load/vec4 v0x622255f17a40_0;
    %pushi/vec4 0, 0, 5;
    %cmp/ne;
    %flag_get/vec4 4;
    %and;
T_15.4;
    %flag_set/vec4 8;
    %jmp/0xz  T_15.2, 8;
    %vpi_call/w 4 52 "$display", "Time: %0t | PC: %h | Instr: %h | REG WRITE: x%0d <= %h", $time, v0x622255f17960_0, v0x622255f178a0_0, v0x622255f17a40_0, v0x622255f17b20_0 {0 0 0};
T_15.2 ;
    %load/vec4 v0x622255f17f90_0;
    %flag_set/vec4 8;
    %jmp/0xz  T_15.5, 8;
    %vpi_call/w 4 58 "$display", "Time: %0t | PC: %h | Instr: %h | MEM WRITE: Addr[%h] <= %h", $time, v0x622255f17960_0, v0x622255f178a0_0, v0x622255f177e0_0, v0x622255f17db0_0 {0 0 0};
T_15.5 ;
T_15.0 ;
    %jmp T_15;
    .thread T_15;
    .scope S_0x622255ee0660;
T_16 ;
    %pushi/vec4 0, 0, 1;
    %store/vec4 v0x622255f17690_0, 0, 1;
    %pushi/vec4 1, 0, 1;
    %store/vec4 v0x622255f17cc0_0, 0, 1;
    %delay 20000, 0;
    %pushi/vec4 0, 0, 1;
    %store/vec4 v0x622255f17cc0_0, 0, 1;
    %vpi_call/w 4 71 "$display", "==================================================" {0 0 0};
    %vpi_call/w 4 72 "$display", " Starting RV32I Full Instruction Verification" {0 0 0};
    %vpi_call/w 4 73 "$display", "==================================================" {0 0 0};
    %fork t_1, S_0x622255ee7600;
    %jmp t_0;
    .scope S_0x622255ee7600;
t_1 ;
T_16.0 ;
    %wait E_0x622255e53460;
    %load/vec4 v0x622255f12d00_0;
    %load/vec4 v0x622255f14010_0;
    %cmp/e;
    %jmp/0xz  T_16.1, 6;
    %vpi_call/w 4 81 "$display", "\012[INFO] End of program detected (Infinite Loop)." {0 0 0};
    %disable S_0x622255ee7600;
T_16.1 ;
    %jmp T_16.0;
    %end;
    .scope S_0x622255ee0660;
t_0 %join;
    %delay 10000, 0;
    %vpi_call/w 4 92 "$display", "==================================================" {0 0 0};
    %vpi_call/w 4 93 "$display", " Final Register State Dump" {0 0 0};
    %vpi_call/w 4 94 "$display", "==================================================" {0 0 0};
    %fork t_3, S_0x622255ee7300;
    %jmp t_2;
    .scope S_0x622255ee7300;
t_3 ;
    %pushi/vec4 1, 0, 32;
    %store/vec4 v0x622255eeff00_0, 0, 32;
T_16.3 ;
    %load/vec4 v0x622255eeff00_0;
    %cmpi/s 32, 0, 32;
    %jmp/0xz T_16.4, 5;
    %vpi_call/w 4 101 "$display", " x%0d \011: %h", v0x622255eeff00_0, &A<v0x622255f12500, v0x622255eeff00_0 > {0 0 0};
    ; show_stmt_assign_vector: Get l-value for compressed += operand
    %load/vec4 v0x622255eeff00_0;
    %pushi/vec4 1, 0, 32;
    %add;
    %cast2;
    %store/vec4 v0x622255eeff00_0, 0, 32;
    %jmp T_16.3;
T_16.4 ;
    %end;
    .scope S_0x622255ee0660;
t_2 %join;
    %vpi_call/w 4 103 "$display", "==================================================" {0 0 0};
    %vpi_call/w 4 105 "$finish" {0 0 0};
    %end;
    .thread T_16;
    .scope S_0x622255ee0660;
T_17 ;
    %delay 50000000, 0;
    %vpi_call/w 4 111 "$display", "\012[TIMEOUT] Simulation time limit exceeded." {0 0 0};
    %vpi_call/w 4 112 "$finish" {0 0 0};
    %end;
    .thread T_17;
    .scope S_0x622255ee0660;
T_18 ;
    %vpi_call/w 4 117 "$dumpfile", "rv32i_full.vcd" {0 0 0};
    %vpi_call/w 4 118 "$dumpvars", 32'sb00000000000000000000000000000000, S_0x622255ee0660 {0 0 0};
    %end;
    .thread T_18;
# The file index is used to find the file name in the following table.
:file_names 15;
    "N/A";
    "<interactive>";
    "-";
    "../single_cycle_processor/risc_v_32_i_pkg.sv";
    "./tb_top.sv";
    "./top.sv";
    "../single_cycle_processor/ProcessorCore.sv";
    "../single_cycle_processor/ArithmeticLogicUnit.sv";
    "../single_cycle_processor/ComparatorUnit.sv";
    "../single_cycle_processor/CoreControlUnit.sv";
    "../single_cycle_processor/ImmediateSignExtend.sv";
    "../single_cycle_processor/LoadStoreUnit.sv";
    "../single_cycle_processor/RegisterFile.sv";
    "./DataMemory.sv";
    "./InstructionMemory.sv";
